time 2.6226043701171875e-06
DBAffinity <ffreed.env.dynamicbind.DBAffinity object at 0x7f39b45fd930>

stErrrs1:

  0%|          | 0/1 [00:00<?, ?it/s]
100%|██████████| 1/1 [00:00<00:00, 30.39it/s]


stdout2:
hub dir /mnt/tank/scratch/okonovalova/freedpp/freedpp/FREEDPP-dynamicbind/ffreed/env/esm_models
Transferred model to GPU
Read /tmp/tmpzwbdsiph.fasta with 1 sequences
Processing 1 of 1 batches (1 sequences)


stdout3:
cuda
Reading molecules
Reading language model embeddings.
Generating graphs for ligands and proteins
common t schedule [1.   0.95 0.9  0.85 0.8  0.75 0.7  0.65 0.6  0.55 0.5  0.45 0.4  0.35
 0.3  0.25 0.2  0.15 0.1  0.05]
Size of test dataset:  500
Failed for 0 complexes
Skipped 0 complexes
Results are in result_folder/main_db_42_500_200e


stErrrs3:

parse receptor:   0%|          | 0/1 [00:00<?, ?it/s]
parse receptor: 100%|██████████| 1/1 [00:00<00:00,  2.42it/s]
parse receptor: 100%|██████████| 1/1 [00:00<00:00,  2.42it/s]

loading complexes:   0%|          | 0/500 [00:00<?, ?it/s]
loading complexes:   2%|▏         | 8/500 [00:00<00:06, 78.84it/s]
loading complexes:   4%|▍         | 19/500 [00:00<00:05, 95.44it/s]
loading complexes:   6%|▌         | 29/500 [00:00<00:05, 92.26it/s]
loading complexes:   8%|▊         | 39/500 [00:00<00:05, 86.23it/s]
loading complexes:  10%|█         | 51/500 [00:00<00:04, 96.72it/s]
loading complexes:  12%|█▏        | 62/500 [00:00<00:04, 100.78it/s]
loading complexes:  15%|█▍        | 73/500 [00:00<00:04, 98.27it/s] 
loading complexes:  17%|█▋        | 84/500 [00:00<00:04, 99.99it/s]
loading complexes:  19%|█▉        | 96/500 [00:00<00:03, 102.65it/s]
loading complexes:  21%|██▏       | 107/500 [00:01<00:03, 101.78it/s]
loading complexes:  24%|██▎       | 118/500 [00:01<00:03, 103.45it/s]
loading complexes:  26%|██▌       | 129/500 [00:01<00:03, 95.59it/s] 
loading complexes:  28%|██▊       | 139/500 [00:01<00:04, 88.31it/s]
loading complexes:  30%|███       | 150/500 [00:01<00:03, 91.85it/s]
loading complexes:  32%|███▏      | 160/500 [00:01<00:03, 93.02it/s]
loading complexes:  34%|███▍      | 170/500 [00:01<00:03, 90.30it/s]
loading complexes:  36%|███▌      | 180/500 [00:01<00:03, 92.58it/s]
loading complexes:  38%|███▊      | 191/500 [00:01<00:03, 96.95it/s]
loading complexes:  40%|████      | 201/500 [00:02<00:03, 93.48it/s]
loading complexes:  42%|████▏     | 211/500 [00:02<00:03, 95.28it/s]
loading complexes:  44%|████▍     | 221/500 [00:02<00:02, 95.14it/s]
loading complexes:  46%|████▌     | 231/500 [00:02<00:02, 95.83it/s]
loading complexes:  48%|████▊     | 242/500 [00:02<00:02, 98.72it/s]
loading complexes:  50%|█████     | 252/500 [00:02<00:02, 97.90it/s]
loading complexes:  53%|█████▎    | 264/500 [00:02<00:02, 103.71it/s]
loading complexes:  55%|█████▌    | 275/500 [00:02<00:02, 105.32it/s]
loading complexes:  57%|█████▋    | 286/500 [00:02<00:02, 101.82it/s]
loading complexes:  59%|█████▉    | 297/500 [00:03<00:02, 100.29it/s]
loading complexes:  62%|██████▏   | 308/500 [00:03<00:01, 96.76it/s] 
loading complexes:  64%|██████▎   | 318/500 [00:03<00:01, 91.31it/s]
loading complexes:  66%|██████▌   | 329/500 [00:03<00:01, 94.66it/s]
loading complexes:  68%|██████▊   | 339/500 [00:03<00:01, 95.23it/s]
loading complexes:  70%|███████   | 350/500 [00:03<00:01, 98.54it/s]
loading complexes:  72%|███████▏  | 360/500 [00:03<00:01, 93.83it/s]
loading complexes:  74%|███████▍  | 370/500 [00:03<00:01, 93.26it/s]
loading complexes:  76%|███████▌  | 380/500 [00:03<00:01, 91.70it/s]
loading complexes:  78%|███████▊  | 390/500 [00:04<00:01, 89.61it/s]
loading complexes:  80%|████████  | 400/500 [00:04<00:01, 91.70it/s]
loading complexes:  82%|████████▏ | 410/500 [00:04<00:01, 82.05it/s]
loading complexes:  84%|████████▍ | 420/500 [00:04<00:00, 84.75it/s]
loading complexes:  86%|████████▌ | 430/500 [00:04<00:00, 87.17it/s]
loading complexes:  88%|████████▊ | 441/500 [00:04<00:00, 91.41it/s]
loading complexes:  90%|█████████ | 451/500 [00:04<00:00, 90.96it/s]
loading complexes:  92%|█████████▏| 462/500 [00:04<00:00, 96.11it/s]
loading complexes:  94%|█████████▍| 472/500 [00:04<00:00, 96.53it/s]
loading complexes:  97%|█████████▋| 483/500 [00:05<00:00, 98.75it/s]
loading complexes:  99%|█████████▉| 495/500 [00:05<00:00, 101.57it/s]
loading complexes: 100%|██████████| 500/500 [00:05<00:00, 95.42it/s] 

