hub dir /mnt/tank/scratch/okonovalova/freedpp/freedpp/DynamicBind/esm_models
Transferred model to GPU
Read data/prepared_for_esm_main_db_42_32_32_b.fasta with 1 sequences
Processing 1 of 1 batches (1 sequences)
cuda
Reading molecules
Reading language model embeddings.
Generating graphs for ligands and proteins
common t schedule [1.   0.95 0.9  0.85 0.8  0.75 0.7  0.65 0.6  0.55 0.5  0.45 0.4  0.35
 0.3  0.25 0.2  0.15 0.1  0.05]
Size of test dataset:  32
cuda
Reading molecules
Reading language model embeddings.
Generating graphs for ligands and proteins
common t schedule [1.   0.95 0.9  0.85 0.8  0.75 0.7  0.65 0.6  0.55 0.5  0.45 0.4  0.35
 0.3  0.25 0.2  0.15 0.1  0.05]
Size of test dataset:  32
*
*
*
alert       rule_id  rule_set                description  ... rule_set_name priority  max
0           1         1  R1 Reactive alkyl halides  ...         Glaxo        8    0
1           2         1            R2 Acid halides  ...         Glaxo        8    0
2           3         1              R3 Carbazides  ...         Glaxo        8    0
3           4         1         R4 Sulphate esters  ...         Glaxo        8    0
4           5         1             R5 Sulphonates  ...         Glaxo        8    0
...       ...       ...                        ...  ...           ...      ...  ...
1248     1249         8                 amino acid  ...          LINT        2    0
1249     1250         8                  chlorates  ...          LINT        2    0
1250     1251         8  high halogen content (>3)  ...          LINT        2    0
1251     1252         9                        NaN  ...          USP7        2    0
1252     1253         9                        NaN  ...          USP7        2    0

[1253 rows x 7 columns]
DB <freedpp.DynamicBind.run_single_protein_inference_0902.DB object at 0x7fac7805fbb0>
Rewards DB: <freedpp.env.reward.Reward object at 0x7fac7805fee0>
Rewards: {'DB': <freedpp.env.reward.Reward object at 0x7fac77ee7040>}
['C#Cc1ccc(-c2nnco2)cc1S[NH+]1CCc2ccccc2C1', 'C=CCOc1cccc(NC(C=O)C(C)[NH2+]C2CCC(C3COc4ccccc4O3)C2)c1', 'CS(=O)(=O)NC(=S)c1ccc(C=NCc2ccccn2)cc1', 'C=CCOc1ccc(C2Nc3ccccc3C3C=CCC32)cc1C(c1ccccc1)c1ccc([N+](=O)[O-])cc1', 'COCCC(c1ccccc1)c1ccc(C=O)cc1S', 'CS(=O)(=O)c1cc(-c2ccc(N3CCCCC3)c(C3CCS(=O)(=O)C3)c2)ccc1[N+](=O)[O-]', 'C=CCOc1ccc(C(=O)C(C)Oc2ccc(N=C)c(Cl)c2)cc1', 'O=C(CSc1ccc(C2CCC(=O)N2)cc1)NC1CCN(Cc2ccccc2)CC1', 'O=C(C(=O)c1ccccc1C(F)OC1CCCC1O)c1nccs1', 'Cc1ccc(-c2ccc(-c3ccccc3N)cc2Cl)c(C2CCCC2)c1', 'CC(C)CC(=O)c1ccc(Cc2ccccn2)cc1NC(=O)C=O', 'c1ccc(C2CCC(C34CC5CC(CC(C5)C3)C4)C2)c(-c2cnc(-c3nnco3)nc2)c1', 'c1cc(-c2c[nH]c3cc(NCc4c[nH]c5ccccc45)ccc23)cc(C(NC2CCCO2)c2c[nH]c3ccccc23)c1', 'CCC(N)c1ccc(C(C(C)C)S(=O)(=O)NCc2ccccc2[N+](=O)[O-])cc1', 'C=CCO[NH+](c1ccc(C23CC4CC(CC(C4)C2)C3)c(-c2ccncc2)c1)C1CCCC1', 'CN(CC=O)c1ccc(C2CS(=O)(=O)CC2C2CCC([NH2+]C(N)c3c[nH]c4ccccc34)C2)cc1', 'CN(C)c1ccc(C(N)=O)cc1C1C=CC(C(=O)N2CCCC2)C1', 'O=[N+]([O-])c1ccccc1-c1cc(-c2ncc(Cc3ccccc3)cn2)ccc1-c1ccc2c(c1)OCO2', 'Cn1ncc2c1CC(c1ccc(NN)cc1-c1cc(-c3ccc([N+](=O)[O-])cc3)on1)CC2', 'O=COC1CCOC1c1ccc(-c2cc(C(=O)C=O)cc3c2OCO3)cc1', 'O=C(c1ccoc1)c1cc(C(F)(F)F)ccc1-c1ccoc1', 'CCC(NC1=CC(C(=O)[O-])CC1)C(=O)C(NN)c1ccccc1', 'O=C(c1cc(-c2cccc(OC34CC5CC(CC(C5)C3)C4)c2)ccc1N1CCCC1)C1C=CCC1', 'OC1CCCN(c2cc(-c3ccc(C(F)(F)F)cc3Cl)ccc2-c2ccc3c(c2)OCO3)C1', 'Nc1ccccc1CC(F)c1cc(Oc2ccccc2)ccc1Cc1ccccc1', 'CS(=O)c1ccc(C2CCCC2O)cc1C1CCCC(c2cccc3cccnc23)C1', 'O=C(c1ccccc1NCc1c[nH]c2ccccc12)C1C=CC(C2CC(Nc3ccccc3)CC2O)C1', 'O=[N+]([O-])c1ccc(C2CCN(c3ccccc3NCc3c[nH]c4ccccc34)CC2C2CC2)cc1', 'NC(=O)CSc1cc(-c2cc(C3Nc4ccccc4C4C=CCC43)ccc2Cc2ccccc2)cc2c1OCO2', 'CCOC(=O)c1ccc(NCc2c[nH]c3ccccc23)cc1C(C)(C)OC=O', 'O=S(=O)(c1ccc2c(c1)CC[NH2+]C2)c1ccc(-c2ccc3c(c2)CC[NH2+]C3)cc1N1CCOCC1', 'COCCC(c1ccccc1)c1ccccc1C(C)C(N)N1CCCC1']
/mnt/tank/scratch/okonovalova/freedpp/freedpp/DynamicBind/run_single_protein_inference_0902.py /mnt/tank/scratch/okonovalova/freedpp/freedpp/DynamicBind
csv                                                ligand                          protein_path
0            C#Cc1ccc(-c2nnco2)cc1S[NH+]1CCc2ccccc2C1  ../DynamicBind/data/4djh_cleaned.pdb
1   C=CCOc1cccc(NC(C=O)C(C)[NH2+]C2CCC(C3COc4ccccc...  ../DynamicBind/data/4djh_cleaned.pdb
2              CS(=O)(=O)NC(=S)c1ccc(C=NCc2ccccn2)cc1  ../DynamicBind/data/4djh_cleaned.pdb
3   C=CCOc1ccc(C2Nc3ccccc3C3C=CCC32)cc1C(c1ccccc1)...  ../DynamicBind/data/4djh_cleaned.pdb
4                       COCCC(c1ccccc1)c1ccc(C=O)cc1S  ../DynamicBind/data/4djh_cleaned.pdb
5   CS(=O)(=O)c1cc(-c2ccc(N3CCCCC3)c(C3CCS(=O)(=O)...  ../DynamicBind/data/4djh_cleaned.pdb
6          C=CCOc1ccc(C(=O)C(C)Oc2ccc(N=C)c(Cl)c2)cc1  ../DynamicBind/data/4djh_cleaned.pdb
7    O=C(CSc1ccc(C2CCC(=O)N2)cc1)NC1CCN(Cc2ccccc2)CC1  ../DynamicBind/data/4djh_cleaned.pdb
8              O=C(C(=O)c1ccccc1C(F)OC1CCCC1O)c1nccs1  ../DynamicBind/data/4djh_cleaned.pdb
9         Cc1ccc(-c2ccc(-c3ccccc3N)cc2Cl)c(C2CCCC2)c1  ../DynamicBind/data/4djh_cleaned.pdb
10            CC(C)CC(=O)c1ccc(Cc2ccccn2)cc1NC(=O)C=O  ../DynamicBind/data/4djh_cleaned.pdb
11  c1ccc(C2CCC(C34CC5CC(CC(C5)C3)C4)C2)c(-c2cnc(-...  ../DynamicBind/data/4djh_cleaned.pdb
12  c1cc(-c2c[nH]c3cc(NCc4c[nH]c5ccccc45)ccc23)cc(...  ../DynamicBind/data/4djh_cleaned.pdb
13  CCC(N)c1ccc(C(C(C)C)S(=O)(=O)NCc2ccccc2[N+](=O...  ../DynamicBind/data/4djh_cleaned.pdb
14  C=CCO[NH+](c1ccc(C23CC4CC(CC(C4)C2)C3)c(-c2ccn...  ../DynamicBind/data/4djh_cleaned.pdb
15  CN(CC=O)c1ccc(C2CS(=O)(=O)CC2C2CCC([NH2+]C(N)c...  ../DynamicBind/data/4djh_cleaned.pdb
16        CN(C)c1ccc(C(N)=O)cc1C1C=CC(C(=O)N2CCCC2)C1  ../DynamicBind/data/4djh_cleaned.pdb
17  O=[N+]([O-])c1ccccc1-c1cc(-c2ncc(Cc3ccccc3)cn2...  ../DynamicBind/data/4djh_cleaned.pdb
18  Cn1ncc2c1CC(c1ccc(NN)cc1-c1cc(-c3ccc([N+](=O)[...  ../DynamicBind/data/4djh_cleaned.pdb
19      O=COC1CCOC1c1ccc(-c2cc(C(=O)C=O)cc3c2OCO3)cc1  ../DynamicBind/data/4djh_cleaned.pdb
20             O=C(c1ccoc1)c1cc(C(F)(F)F)ccc1-c1ccoc1  ../DynamicBind/data/4djh_cleaned.pdb
21        CCC(NC1=CC(C(=O)[O-])CC1)C(=O)C(NN)c1ccccc1  ../DynamicBind/data/4djh_cleaned.pdb
22  O=C(c1cc(-c2cccc(OC34CC5CC(CC(C5)C3)C4)c2)ccc1...  ../DynamicBind/data/4djh_cleaned.pdb
23  OC1CCCN(c2cc(-c3ccc(C(F)(F)F)cc3Cl)ccc2-c2ccc3...  ../DynamicBind/data/4djh_cleaned.pdb
24         Nc1ccccc1CC(F)c1cc(Oc2ccccc2)ccc1Cc1ccccc1  ../DynamicBind/data/4djh_cleaned.pdb
25   CS(=O)c1ccc(C2CCCC2O)cc1C1CCCC(c2cccc3cccnc23)C1  ../DynamicBind/data/4djh_cleaned.pdb
26  O=C(c1ccccc1NCc1c[nH]c2ccccc12)C1C=CC(C2CC(Nc3...  ../DynamicBind/data/4djh_cleaned.pdb
27  O=[N+]([O-])c1ccc(C2CCN(c3ccccc3NCc3c[nH]c4ccc...  ../DynamicBind/data/4djh_cleaned.pdb
28  NC(=O)CSc1cc(-c2cc(C3Nc4ccccc4C4C=CCC43)ccc2Cc...  ../DynamicBind/data/4djh_cleaned.pdb
29    CCOC(=O)c1ccc(NCc2c[nH]c3ccccc23)cc1C(C)(C)OC=O  ../DynamicBind/data/4djh_cleaned.pdb
30  O=S(=O)(c1ccc2c(c1)CC[NH2+]C2)c1ccc(-c2ccc3c(c...  ../DynamicBind/data/4djh_cleaned.pdb
31             COCCC(c1ccccc1)c1ccccc1C(C)C(N)N1CCCC1  ../DynamicBind/data/4djh_cleaned.pdb
time 35.510417222976685
do_cmd 1
