time 3.0994415283203125e-06
DBAffinity <ffreed.env.dynamicbind.DBAffinity object at 0x7f2544f09990>

stErrrs1:

  0%|          | 0/1 [00:00<?, ?it/s]
100%|██████████| 1/1 [00:00<00:00, 28.43it/s]


stdout2:
hub dir /mnt/tank/scratch/okonovalova/freedpp/freedpp/FREEDPP-dynamicbind/ffreed/env/esm_models
Transferred model to GPU
Read /tmp/tmpmts531xa.fasta with 1 sequences
Processing 1 of 1 batches (1 sequences)


stdout3:
cuda
Reading molecules
Reading language model embeddings.
Generating graphs for ligands and proteins
common t schedule [1.   0.95 0.9  0.85 0.8  0.75 0.7  0.65 0.6  0.55 0.5  0.45 0.4  0.35
 0.3  0.25 0.2  0.15 0.1  0.05]
Size of test dataset:  32


stErrrs3:

parse receptor:   0%|          | 0/1 [00:00<?, ?it/s]
parse receptor: 100%|██████████| 1/1 [00:00<00:00,  2.13it/s]
parse receptor: 100%|██████████| 1/1 [00:00<00:00,  2.13it/s]

loading complexes:   0%|          | 0/32 [00:00<?, ?it/s]
loading complexes:   6%|▋         | 2/32 [00:00<00:03,  7.71it/s]
loading complexes:  12%|█▎        | 4/32 [00:00<00:03,  7.59it/s]
loading complexes:  19%|█▉        | 6/32 [00:00<00:02,  9.17it/s]
loading complexes:  25%|██▌       | 8/32 [00:00<00:02,  9.33it/s]
loading complexes:  31%|███▏      | 10/32 [00:01<00:02, 10.48it/s]
loading complexes:  38%|███▊      | 12/32 [00:01<00:02,  8.29it/s]
loading complexes:  41%|████      | 13/32 [00:01<00:02,  6.36it/s]
loading complexes:  47%|████▋     | 15/32 [00:02<00:02,  6.01it/s]
loading complexes:  50%|█████     | 16/32 [00:02<00:02,  5.69it/s]
loading complexes:  56%|█████▋    | 18/32 [00:02<00:02,  6.57it/s]
loading complexes:  59%|█████▉    | 19/32 [00:02<00:01,  6.82it/s]
loading complexes:  69%|██████▉   | 22/32 [00:02<00:01,  9.40it/s]
loading complexes:  75%|███████▌  | 24/32 [00:03<00:01,  7.88it/s]
loading complexes:  78%|███████▊  | 25/32 [00:03<00:00,  8.03it/s]
loading complexes:  81%|████████▏ | 26/32 [00:03<00:00,  7.67it/s]
loading complexes:  84%|████████▍ | 27/32 [00:03<00:00,  7.04it/s]
loading complexes:  88%|████████▊ | 28/32 [00:03<00:00,  6.64it/s]
loading complexes:  91%|█████████ | 29/32 [00:03<00:00,  6.01it/s]
loading complexes:  97%|█████████▋| 31/32 [00:04<00:00,  6.69it/s]
loading complexes: 100%|██████████| 32/32 [00:04<00:00,  6.99it/s]
loading complexes: 100%|██████████| 32/32 [00:04<00:00,  7.33it/s]
Traceback (most recent call last):
  File "/mnt/tank/scratch/okonovalova/freedpp/freedpp/FREEDPP-dynamicbind/ffreed/env/screening_airi.py", line 213, in <module>
    outputs = sampling(data_list=batch,
  File "/mnt/tank/scratch/okonovalova/freedpp/freedpp/FREEDPP-dynamicbind/ffreed/env/datasets/utils/sampling.py", line 129, in sampling
    lddt_pred, affinity_pred, tr_score, rot_score, tor_score, res_tr_score, res_rot_score, res_chi_score = model(complex_graph_batch)
  File "/nfs/home/okonovalova/anaconda3/envs/dynamicbind/lib/python3.10/site-packages/torch/nn/modules/module.py", line 1501, in _call_impl
    return forward_call(*args, **kwargs)
  File "/mnt/tank/scratch/okonovalova/freedpp/freedpp/FREEDPP-dynamicbind/ffreed/env/models/score_model.py", line 321, in forward
    rec_inter_update = self.lig_to_rec_conv_layers[l](lig_node_attr, torch.flip(cross_edge_index, dims=[0]), lig_to_rec_edge_attr_,
  File "/nfs/home/okonovalova/anaconda3/envs/dynamicbind/lib/python3.10/site-packages/torch/nn/modules/module.py", line 1501, in _call_impl
    return forward_call(*args, **kwargs)
  File "/mnt/tank/scratch/okonovalova/freedpp/freedpp/FREEDPP-dynamicbind/ffreed/env/models/score_model.py", line 82, in forward
    tp = self.tp(node_attr[edge_dst], edge_sh, self.fc(edge_attr))
  File "/nfs/home/okonovalova/anaconda3/envs/dynamicbind/lib/python3.10/site-packages/torch/nn/modules/module.py", line 1501, in _call_impl
    return forward_call(*args, **kwargs)
  File "/nfs/home/okonovalova/anaconda3/envs/dynamicbind/lib/python3.10/site-packages/torch/nn/modules/container.py", line 217, in forward
    input = module(input)
  File "/nfs/home/okonovalova/anaconda3/envs/dynamicbind/lib/python3.10/site-packages/torch/nn/modules/module.py", line 1501, in _call_impl
    return forward_call(*args, **kwargs)
  File "/nfs/home/okonovalova/anaconda3/envs/dynamicbind/lib/python3.10/site-packages/torch/nn/modules/linear.py", line 114, in forward
    return F.linear(input, self.weight, self.bias)
torch.cuda.OutOfMemoryError: CUDA out of memory. Tried to allocate 8.51 GiB (GPU 0; 47.53 GiB total capacity; 1.88 GiB already allocated; 1.01 GiB free; 10.54 GiB reserved in total by PyTorch) If reserved memory is >> allocated memory try setting max_split_size_mb to avoid fragmentation.  See documentation for Memory Management and PYTORCH_CUDA_ALLOC_CONF


stErrrs1:

  0%|          | 0/1 [00:00<?, ?it/s]
100%|██████████| 1/1 [00:00<00:00, 28.61it/s]


stdout2:
hub dir /mnt/tank/scratch/okonovalova/freedpp/freedpp/FREEDPP-dynamicbind/ffreed/env/esm_models
Transferred model to GPU
Read /tmp/tmpyou3vf5j.fasta with 1 sequences
Processing 1 of 1 batches (1 sequences)


stdout3:
cuda
Reading molecules
Reading language model embeddings.
Generating graphs for ligands and proteins
common t schedule [1.   0.95 0.9  0.85 0.8  0.75 0.7  0.65 0.6  0.55 0.5  0.45 0.4  0.35
 0.3  0.25 0.2  0.15 0.1  0.05]
Size of test dataset:  33
Failed for 0 complexes
Skipped 0 complexes
Results are in result_folder/main_db_42_100e


stErrrs3:

parse receptor:   0%|          | 0/1 [00:00<?, ?it/s]
parse receptor: 100%|██████████| 1/1 [00:00<00:00,  2.36it/s]
parse receptor: 100%|██████████| 1/1 [00:00<00:00,  2.35it/s]

loading complexes:   0%|          | 0/33 [00:00<?, ?it/s]
loading complexes:   6%|▌         | 2/33 [00:00<00:01, 18.56it/s]
loading complexes:  12%|█▏        | 4/33 [00:00<00:02, 13.26it/s]
loading complexes:  18%|█▊        | 6/33 [00:00<00:01, 13.97it/s]
loading complexes:  24%|██▍       | 8/33 [00:00<00:01, 13.80it/s]
loading complexes:  33%|███▎      | 11/33 [00:00<00:01, 14.94it/s]
loading complexes:  39%|███▉      | 13/33 [00:00<00:01, 13.54it/s]
loading complexes:  45%|████▌     | 15/33 [00:01<00:01, 11.20it/s]
loading complexes:  52%|█████▏    | 17/33 [00:01<00:01,  9.58it/s]
loading complexes:  58%|█████▊    | 19/33 [00:01<00:01, 10.97it/s]
loading complexes:  64%|██████▎   | 21/33 [00:01<00:01, 10.47it/s]
loading complexes:  70%|██████▉   | 23/33 [00:02<00:01,  8.65it/s]
loading complexes:  79%|███████▉  | 26/33 [00:02<00:00, 10.68it/s]
loading complexes:  85%|████████▍ | 28/33 [00:02<00:00, 10.07it/s]
loading complexes:  91%|█████████ | 30/33 [00:02<00:00, 11.08it/s]
loading complexes:  97%|█████████▋| 32/33 [00:02<00:00, 11.36it/s]
loading complexes: 100%|██████████| 33/33 [00:02<00:00, 11.16it/s]


stErrrs1:

  0%|          | 0/1 [00:00<?, ?it/s]
100%|██████████| 1/1 [00:00<00:00, 26.06it/s]


stdout2:
hub dir /mnt/tank/scratch/okonovalova/freedpp/freedpp/FREEDPP-dynamicbind/ffreed/env/esm_models
Transferred model to GPU
Read /tmp/tmpyec5440b.fasta with 1 sequences
Processing 1 of 1 batches (1 sequences)


stdout3:
cuda
Reading molecules
Reading language model embeddings.
Generating graphs for ligands and proteins
common t schedule [1.   0.95 0.9  0.85 0.8  0.75 0.7  0.65 0.6  0.55 0.5  0.45 0.4  0.35
 0.3  0.25 0.2  0.15 0.1  0.05]
Size of test dataset:  32


stErrrs3:

parse receptor:   0%|          | 0/1 [00:00<?, ?it/s]
parse receptor: 100%|██████████| 1/1 [00:00<00:00,  2.28it/s]
parse receptor: 100%|██████████| 1/1 [00:00<00:00,  2.28it/s]

loading complexes:   0%|          | 0/32 [00:00<?, ?it/s]
loading complexes:   6%|▋         | 2/32 [00:00<00:01, 16.05it/s]
loading complexes:  12%|█▎        | 4/32 [00:00<00:02, 11.70it/s]
loading complexes:  19%|█▉        | 6/32 [00:00<00:02, 11.96it/s]
loading complexes:  25%|██▌       | 8/32 [00:00<00:01, 12.90it/s]
loading complexes:  31%|███▏      | 10/32 [00:00<00:01, 12.47it/s]
loading complexes:  38%|███▊      | 12/32 [00:00<00:01, 12.80it/s]
loading complexes:  44%|████▍     | 14/32 [00:01<00:01, 11.08it/s]
loading complexes:  50%|█████     | 16/32 [00:01<00:01,  9.76it/s]
loading complexes:  59%|█████▉    | 19/32 [00:01<00:00, 13.16it/s]
loading complexes:  66%|██████▌   | 21/32 [00:01<00:00, 12.57it/s]
loading complexes:  72%|███████▏  | 23/32 [00:01<00:00, 11.78it/s]
loading complexes:  78%|███████▊  | 25/32 [00:02<00:00,  8.13it/s]
loading complexes:  84%|████████▍ | 27/32 [00:02<00:00,  8.92it/s]
loading complexes:  94%|█████████▍| 30/32 [00:02<00:00, 11.21it/s]
loading complexes: 100%|██████████| 32/32 [00:02<00:00, 11.16it/s]
loading complexes: 100%|██████████| 32/32 [00:02<00:00, 11.18it/s]
Traceback (most recent call last):
  File "/mnt/tank/scratch/okonovalova/freedpp/freedpp/FREEDPP-dynamicbind/ffreed/env/screening_airi.py", line 213, in <module>
    outputs = sampling(data_list=batch,
  File "/mnt/tank/scratch/okonovalova/freedpp/freedpp/FREEDPP-dynamicbind/ffreed/env/datasets/utils/sampling.py", line 129, in sampling
    lddt_pred, affinity_pred, tr_score, rot_score, tor_score, res_tr_score, res_rot_score, res_chi_score = model(complex_graph_batch)
  File "/nfs/home/okonovalova/anaconda3/envs/dynamicbind/lib/python3.10/site-packages/torch/nn/modules/module.py", line 1501, in _call_impl
    return forward_call(*args, **kwargs)
  File "/mnt/tank/scratch/okonovalova/freedpp/freedpp/FREEDPP-dynamicbind/ffreed/env/models/score_model.py", line 307, in forward
    lig_inter_update = self.rec_to_lig_conv_layers[l](torch.cat([rec_node_attr,n_norm_vec,c_norm_vec],dim=-1), cross_edge_index, rec_to_lig_edge_attr_, cross_edge_sh,
  File "/nfs/home/okonovalova/anaconda3/envs/dynamicbind/lib/python3.10/site-packages/torch/nn/modules/module.py", line 1501, in _call_impl
    return forward_call(*args, **kwargs)
  File "/mnt/tank/scratch/okonovalova/freedpp/freedpp/FREEDPP-dynamicbind/ffreed/env/models/score_model.py", line 82, in forward
    tp = self.tp(node_attr[edge_dst], edge_sh, self.fc(edge_attr))
  File "/nfs/home/okonovalova/anaconda3/envs/dynamicbind/lib/python3.10/site-packages/torch/nn/modules/module.py", line 1501, in _call_impl
    return forward_call(*args, **kwargs)
  File "/nfs/home/okonovalova/anaconda3/envs/dynamicbind/lib/python3.10/site-packages/torch/nn/modules/container.py", line 217, in forward
    input = module(input)
  File "/nfs/home/okonovalova/anaconda3/envs/dynamicbind/lib/python3.10/site-packages/torch/nn/modules/module.py", line 1501, in _call_impl
    return forward_call(*args, **kwargs)
  File "/nfs/home/okonovalova/anaconda3/envs/dynamicbind/lib/python3.10/site-packages/torch/nn/modules/linear.py", line 114, in forward
    return F.linear(input, self.weight, self.bias)
torch.cuda.OutOfMemoryError: CUDA out of memory. Tried to allocate 7.52 GiB (GPU 0; 47.53 GiB total capacity; 1.17 GiB already allocated; 4.07 GiB free; 1.44 GiB reserved in total by PyTorch) If reserved memory is >> allocated memory try setting max_split_size_mb to avoid fragmentation.  See documentation for Memory Management and PYTORCH_CUDA_ALLOC_CONF

