time 2.6226043701171875e-06
DBAffinity <ffreed.env.dynamicbind.DBAffinity object at 0x7fafc5d59900>

stErrrs1:

  0%|          | 0/1 [00:00<?, ?it/s]
100%|██████████| 1/1 [00:00<00:00, 29.69it/s]


stdout2:
hub dir /mnt/tank/scratch/okonovalova/freedpp/freedpp/FREEDPP-dynamicbind/ffreed/env/esm_models
Transferred model to GPU
Read /tmp/tmp810em759.fasta with 1 sequences
Processing 1 of 1 batches (1 sequences)


stdout3:
cuda
Reading molecules
Reading language model embeddings.
Generating graphs for ligands and proteins
common t schedule [1.   0.95 0.9  0.85 0.8  0.75 0.7  0.65 0.6  0.55 0.5  0.45 0.4  0.35
 0.3  0.25 0.2  0.15 0.1  0.05]
Size of test dataset:  1000


stErrrs3:

parse receptor:   0%|          | 0/1 [00:00<?, ?it/s]
parse receptor: 100%|██████████| 1/1 [00:00<00:00,  2.46it/s]
parse receptor: 100%|██████████| 1/1 [00:00<00:00,  2.46it/s]

loading complexes:   0%|          | 0/1000 [00:00<?, ?it/s]
loading complexes:   0%|          | 1/1000 [00:00<02:58,  5.59it/s]
loading complexes:   0%|          | 3/1000 [00:00<02:43,  6.11it/s]
loading complexes:   0%|          | 4/1000 [00:00<02:51,  5.81it/s]
loading complexes:   0%|          | 5/1000 [00:00<02:33,  6.47it/s]
loading complexes:   1%|          | 6/1000 [00:00<02:27,  6.76it/s]
loading complexes:   1%|          | 7/1000 [00:01<02:28,  6.69it/s]
loading complexes:   1%|          | 8/1000 [00:01<02:17,  7.23it/s]
loading complexes:   1%|          | 9/1000 [00:01<02:21,  7.00it/s]
loading complexes:   1%|          | 10/1000 [00:01<02:19,  7.08it/s]
loading complexes:   1%|          | 11/1000 [00:01<02:22,  6.94it/s]
loading complexes:   1%|          | 12/1000 [00:01<02:22,  6.92it/s]
loading complexes:   1%|▏         | 13/1000 [00:01<02:24,  6.81it/s]
loading complexes:   1%|▏         | 14/1000 [00:02<02:17,  7.17it/s]
loading complexes:   2%|▏         | 15/1000 [00:02<02:21,  6.95it/s]
loading complexes:   2%|▏         | 16/1000 [00:02<02:28,  6.63it/s]
loading complexes:   2%|▏         | 17/1000 [00:02<02:14,  7.31it/s]
loading complexes:   2%|▏         | 18/1000 [00:02<02:17,  7.15it/s]
loading complexes:   2%|▏         | 19/1000 [00:02<02:15,  7.25it/s]
loading complexes:   2%|▏         | 20/1000 [00:02<02:05,  7.83it/s]
loading complexes:   2%|▏         | 21/1000 [00:02<02:02,  8.00it/s]
loading complexes:   2%|▏         | 22/1000 [00:03<02:05,  7.80it/s]
loading complexes:   2%|▏         | 23/1000 [00:03<02:11,  7.42it/s]
loading complexes:   2%|▏         | 24/1000 [00:03<02:11,  7.41it/s]
loading complexes:   2%|▎         | 25/1000 [00:03<02:05,  7.77it/s]
loading complexes:   3%|▎         | 26/1000 [00:03<02:09,  7.53it/s]
loading complexes:   3%|▎         | 27/1000 [00:03<02:13,  7.29it/s]
loading complexes:   3%|▎         | 29/1000 [00:04<02:02,  7.91it/s]
loading complexes:   3%|▎         | 30/1000 [00:04<02:06,  7.69it/s]
loading complexes:   3%|▎         | 31/1000 [00:04<02:07,  7.58it/s]
loading complexes:   3%|▎         | 32/1000 [00:04<02:04,  7.75it/s]
loading complexes:   3%|▎         | 33/1000 [00:04<02:08,  7.50it/s]
loading complexes:   3%|▎         | 34/1000 [00:04<02:00,  7.99it/s]
loading complexes:   4%|▎         | 36/1000 [00:04<01:59,  8.05it/s]
loading complexes:   4%|▎         | 37/1000 [00:05<02:04,  7.74it/s]
loading complexes:   4%|▍         | 38/1000 [00:05<02:06,  7.58it/s]
loading complexes:   4%|▍         | 40/1000 [00:05<02:12,  7.27it/s]
loading complexes:   4%|▍         | 41/1000 [00:05<02:12,  7.23it/s]
loading complexes:   4%|▍         | 42/1000 [00:05<02:07,  7.51it/s]
loading complexes:   4%|▍         | 43/1000 [00:05<02:00,  7.97it/s]
loading complexes:   4%|▍         | 44/1000 [00:06<02:04,  7.69it/s]
loading complexes:   4%|▍         | 45/1000 [00:06<02:19,  6.83it/s]
loading complexes:   5%|▍         | 46/1000 [00:06<02:11,  7.26it/s]
loading complexes:   5%|▍         | 47/1000 [00:06<02:16,  7.00it/s]
loading complexes:   5%|▍         | 48/1000 [00:06<02:08,  7.42it/s]
loading complexes:   5%|▍         | 49/1000 [00:06<02:03,  7.69it/s]
loading complexes:   5%|▌         | 50/1000 [00:06<02:10,  7.29it/s]
loading complexes:   5%|▌         | 51/1000 [00:06<02:08,  7.40it/s]
loading complexes:   5%|▌         | 52/1000 [00:07<01:59,  7.91it/s]
loading complexes:   5%|▌         | 53/1000 [00:07<02:04,  7.59it/s]
loading complexes:   5%|▌         | 54/1000 [00:07<02:03,  7.63it/s]
loading complexes:   6%|▌         | 55/1000 [00:07<01:56,  8.11it/s]
loading complexes:   6%|▌         | 56/1000 [00:07<02:10,  7.22it/s]
loading complexes:   6%|▌         | 58/1000 [00:07<01:59,  7.87it/s]
loading complexes:   6%|▌         | 59/1000 [00:07<01:54,  8.22it/s]
loading complexes:   6%|▌         | 61/1000 [00:08<01:51,  8.40it/s]
loading complexes:   6%|▌         | 62/1000 [00:08<01:49,  8.54it/s]
loading complexes:   6%|▋         | 63/1000 [00:08<01:49,  8.57it/s]
loading complexes:   6%|▋         | 64/1000 [00:08<01:52,  8.29it/s]
loading complexes:   6%|▋         | 65/1000 [00:08<01:50,  8.50it/s]
loading complexes:   7%|▋         | 66/1000 [00:08<01:57,  7.95it/s]
loading complexes:   7%|▋         | 67/1000 [00:08<02:02,  7.62it/s]
loading complexes:   7%|▋         | 68/1000 [00:09<02:05,  7.42it/s]
loading complexes:   7%|▋         | 69/1000 [00:09<01:56,  8.00it/s]
loading complexes:   7%|▋         | 70/1000 [00:09<02:09,  7.16it/s]
loading complexes:   7%|▋         | 72/1000 [00:09<02:14,  6.90it/s]
loading complexes:   7%|▋         | 73/1000 [00:09<02:10,  7.09it/s]
loading complexes:   7%|▋         | 74/1000 [00:10<02:26,  6.34it/s]
loading complexes:   8%|▊         | 75/1000 [00:10<02:49,  5.45it/s]
loading complexes:   8%|▊         | 76/1000 [00:10<02:39,  5.78it/s]
loading complexes:   8%|▊         | 77/1000 [00:10<02:34,  5.97it/s]
loading complexes:   8%|▊         | 78/1000 [00:10<02:26,  6.28it/s]
loading complexes:   8%|▊         | 79/1000 [00:10<02:19,  6.62it/s]
loading complexes:   8%|▊         | 80/1000 [00:10<02:10,  7.05it/s]
loading complexes:   8%|▊         | 81/1000 [00:11<02:11,  6.99it/s]
loading complexes:   8%|▊         | 82/1000 [00:11<02:23,  6.38it/s]
loading complexes:   8%|▊         | 83/1000 [00:11<02:18,  6.61it/s]
loading complexes:   8%|▊         | 84/1000 [00:11<02:04,  7.34it/s]
loading complexes:   8%|▊         | 85/1000 [00:11<02:07,  7.18it/s]
loading complexes:   9%|▊         | 86/1000 [00:11<02:09,  7.06it/s]
loading complexes:   9%|▊         | 87/1000 [00:11<02:08,  7.10it/s]
loading complexes:   9%|▉         | 88/1000 [00:12<02:10,  7.00it/s]
loading complexes:   9%|▉         | 89/1000 [00:12<02:45,  5.51it/s]
loading complexes:   9%|▉         | 90/1000 [00:12<02:45,  5.48it/s]
loading complexes:   9%|▉         | 91/1000 [00:12<02:38,  5.74it/s]
loading complexes:   9%|▉         | 92/1000 [00:12<02:27,  6.16it/s]
loading complexes:   9%|▉         | 93/1000 [00:13<02:16,  6.65it/s]
loading complexes:   9%|▉         | 94/1000 [00:13<02:39,  5.69it/s]
loading complexes:  10%|▉         | 95/1000 [00:13<02:29,  6.06it/s]
loading complexes:  10%|▉         | 96/1000 [00:13<02:25,  6.22it/s]
loading complexes:  10%|▉         | 98/1000 [00:13<01:58,  7.59it/s]
loading complexes:  10%|▉         | 99/1000 [00:13<01:52,  8.00it/s]
loading complexes:  10%|█         | 100/1000 [00:13<01:49,  8.25it/s]
loading complexes:  10%|█         | 102/1000 [00:14<01:36,  9.28it/s]
loading complexes:  10%|█         | 103/1000 [00:14<01:54,  7.87it/s]
loading complexes:  10%|█         | 104/1000 [00:14<02:02,  7.34it/s]
loading complexes:  10%|█         | 105/1000 [00:14<01:54,  7.82it/s]
loading complexes:  11%|█         | 106/1000 [00:14<02:11,  6.79it/s]
loading complexes:  11%|█         | 107/1000 [00:14<02:18,  6.44it/s]
loading complexes:  11%|█         | 108/1000 [00:15<02:09,  6.88it/s]
loading complexes:  11%|█         | 109/1000 [00:15<02:25,  6.11it/s]
loading complexes:  11%|█         | 110/1000 [00:15<02:23,  6.20it/s]
loading complexes:  11%|█         | 111/1000 [00:15<02:11,  6.73it/s]
loading complexes:  11%|█         | 112/1000 [00:15<01:59,  7.45it/s]
loading complexes:  11%|█▏        | 113/1000 [00:15<01:58,  7.49it/s]
loading complexes:  11%|█▏        | 114/1000 [00:15<01:59,  7.41it/s]
loading complexes:  12%|█▏        | 115/1000 [00:16<01:51,  7.91it/s]
loading complexes:  12%|█▏        | 116/1000 [00:16<01:48,  8.15it/s]
loading complexes:  12%|█▏        | 117/1000 [00:16<01:46,  8.31it/s]
loading complexes:  12%|█▏        | 118/1000 [00:16<02:00,  7.33it/s]
loading complexes:  12%|█▏        | 119/1000 [00:16<01:57,  7.47it/s]
loading complexes:  12%|█▏        | 120/1000 [00:16<01:58,  7.43it/s]
loading complexes:  12%|█▏        | 121/1000 [00:16<01:50,  7.98it/s]
loading complexes:  12%|█▏        | 122/1000 [00:16<02:02,  7.17it/s]
loading complexes:  12%|█▏        | 123/1000 [00:17<02:02,  7.16it/s]
loading complexes:  12%|█▏        | 124/1000 [00:17<02:01,  7.23it/s]
loading complexes:  12%|█▎        | 125/1000 [00:17<01:52,  7.80it/s]
loading complexes:  13%|█▎        | 126/1000 [00:17<02:02,  7.12it/s]
loading complexes:  13%|█▎        | 127/1000 [00:17<01:57,  7.46it/s]
loading complexes:  13%|█▎        | 128/1000 [00:17<01:58,  7.35it/s]
loading complexes:  13%|█▎        | 129/1000 [00:17<01:59,  7.30it/s]
loading complexes:  13%|█▎        | 130/1000 [00:18<02:03,  7.05it/s]
loading complexes:  13%|█▎        | 131/1000 [00:18<02:28,  5.86it/s]
loading complexes:  13%|█▎        | 132/1000 [00:18<02:14,  6.46it/s]
loading complexes:  13%|█▎        | 133/1000 [00:18<02:07,  6.81it/s]
loading complexes:  13%|█▎        | 134/1000 [00:18<02:13,  6.47it/s]
loading complexes:  14%|█▎        | 135/1000 [00:18<02:03,  7.03it/s]
loading complexes:  14%|█▎        | 137/1000 [00:19<01:45,  8.17it/s]
loading complexes:  14%|█▍        | 138/1000 [00:19<01:50,  7.83it/s]
loading complexes:  14%|█▍        | 139/1000 [00:19<02:07,  6.76it/s]
loading complexes:  14%|█▍        | 140/1000 [00:19<02:17,  6.27it/s]
loading complexes:  14%|█▍        | 141/1000 [00:19<02:20,  6.12it/s]
loading complexes:  14%|█▍        | 142/1000 [00:19<02:12,  6.49it/s]
loading complexes:  14%|█▍        | 143/1000 [00:19<01:58,  7.21it/s]
loading complexes:  14%|█▍        | 144/1000 [00:20<02:07,  6.71it/s]
loading complexes:  14%|█▍        | 145/1000 [00:20<02:07,  6.72it/s]
loading complexes:  15%|█▍        | 146/1000 [00:20<01:57,  7.29it/s]
loading complexes:  15%|█▍        | 147/1000 [00:20<01:48,  7.84it/s]
loading complexes:  15%|█▍        | 148/1000 [00:20<01:59,  7.12it/s]
loading complexes:  15%|█▌        | 150/1000 [00:20<01:59,  7.09it/s]
loading complexes:  15%|█▌        | 151/1000 [00:21<01:58,  7.17it/s]
loading complexes:  15%|█▌        | 152/1000 [00:21<01:56,  7.31it/s]
loading complexes:  15%|█▌        | 153/1000 [00:21<02:05,  6.77it/s]
loading complexes:  15%|█▌        | 154/1000 [00:21<02:03,  6.86it/s]
loading complexes:  16%|█▌        | 155/1000 [00:21<01:58,  7.10it/s]
loading complexes:  16%|█▌        | 156/1000 [00:21<01:59,  7.09it/s]
loading complexes:  16%|█▌        | 157/1000 [00:21<01:58,  7.14it/s]
loading complexes:  16%|█▌        | 158/1000 [00:22<01:58,  7.11it/s]
loading complexes:  16%|█▌        | 159/1000 [00:22<01:55,  7.31it/s]
loading complexes:  16%|█▌        | 160/1000 [00:22<02:00,  6.99it/s]
loading complexes:  16%|█▌        | 161/1000 [00:22<01:58,  7.07it/s]
loading complexes:  16%|█▌        | 162/1000 [00:22<01:58,  7.10it/s]
loading complexes:  16%|█▋        | 163/1000 [00:22<02:06,  6.64it/s]
loading complexes:  16%|█▋        | 164/1000 [00:22<01:54,  7.33it/s]
loading complexes:  16%|█▋        | 165/1000 [00:23<01:50,  7.54it/s]
loading complexes:  17%|█▋        | 166/1000 [00:23<01:46,  7.80it/s]
loading complexes:  17%|█▋        | 167/1000 [00:23<01:56,  7.15it/s]
loading complexes:  17%|█▋        | 168/1000 [00:23<02:08,  6.47it/s]
loading complexes:  17%|█▋        | 169/1000 [00:23<01:56,  7.15it/s]
loading complexes:  17%|█▋        | 170/1000 [00:23<01:49,  7.58it/s]
loading complexes:  17%|█▋        | 171/1000 [00:23<01:44,  7.94it/s]
loading complexes:  17%|█▋        | 172/1000 [00:24<01:45,  7.82it/s]
loading complexes:  17%|█▋        | 173/1000 [00:24<01:48,  7.61it/s]
loading complexes:  17%|█▋        | 174/1000 [00:24<02:03,  6.67it/s]
loading complexes:  18%|█▊        | 175/1000 [00:24<02:19,  5.92it/s]
loading complexes:  18%|█▊        | 176/1000 [00:24<02:14,  6.13it/s]
loading complexes:  18%|█▊        | 177/1000 [00:24<02:10,  6.33it/s]
loading complexes:  18%|█▊        | 178/1000 [00:24<02:02,  6.72it/s]
loading complexes:  18%|█▊        | 179/1000 [00:25<01:51,  7.36it/s]
loading complexes:  18%|█▊        | 180/1000 [00:25<01:56,  7.07it/s]
loading complexes:  18%|█▊        | 181/1000 [00:25<01:47,  7.62it/s]
loading complexes:  18%|█▊        | 182/1000 [00:25<01:55,  7.08it/s]
loading complexes:  18%|█▊        | 183/1000 [00:25<01:56,  6.99it/s]
loading complexes:  18%|█▊        | 184/1000 [00:25<01:50,  7.37it/s]
loading complexes:  18%|█▊        | 185/1000 [00:25<01:54,  7.12it/s]
loading complexes:  19%|█▊        | 186/1000 [00:26<02:08,  6.32it/s]
loading complexes:  19%|█▊        | 187/1000 [00:26<02:03,  6.59it/s]
loading complexes:  19%|█▉        | 189/1000 [00:26<01:51,  7.25it/s]
loading complexes:  19%|█▉        | 190/1000 [00:26<01:50,  7.31it/s]
loading complexes:  19%|█▉        | 191/1000 [00:26<01:53,  7.11it/s]
loading complexes:  19%|█▉        | 192/1000 [00:26<01:54,  7.07it/s]
loading complexes:  19%|█▉        | 194/1000 [00:27<01:37,  8.30it/s]
loading complexes:  20%|█▉        | 195/1000 [00:27<01:42,  7.87it/s]
loading complexes:  20%|█▉        | 197/1000 [00:27<01:32,  8.70it/s]
loading complexes:  20%|█▉        | 198/1000 [00:27<01:35,  8.42it/s]
loading complexes:  20%|█▉        | 199/1000 [00:27<01:37,  8.25it/s]
loading complexes:  20%|██        | 200/1000 [00:27<01:33,  8.55it/s]
loading complexes:  20%|██        | 201/1000 [00:27<01:32,  8.60it/s]
loading complexes:  20%|██        | 202/1000 [00:28<01:38,  8.10it/s]
loading complexes:  20%|██        | 203/1000 [00:28<01:35,  8.39it/s]
loading complexes:  20%|██        | 204/1000 [00:28<01:33,  8.56it/s]
loading complexes:  20%|██        | 205/1000 [00:28<01:37,  8.18it/s]
loading complexes:  21%|██        | 207/1000 [00:28<01:26,  9.22it/s]
loading complexes:  21%|██        | 208/1000 [00:28<01:26,  9.19it/s]
loading complexes:  21%|██        | 209/1000 [00:28<01:26,  9.17it/s]
loading complexes:  21%|██        | 210/1000 [00:28<01:29,  8.86it/s]
loading complexes:  21%|██        | 211/1000 [00:29<01:36,  8.18it/s]
loading complexes:  21%|██        | 212/1000 [00:29<01:42,  7.66it/s]
loading complexes:  21%|██▏       | 213/1000 [00:29<01:47,  7.30it/s]
loading complexes:  21%|██▏       | 214/1000 [00:29<01:49,  7.17it/s]
loading complexes:  22%|██▏       | 215/1000 [00:29<01:45,  7.41it/s]
loading complexes:  22%|██▏       | 216/1000 [00:29<01:55,  6.77it/s]
loading complexes:  22%|██▏       | 217/1000 [00:29<01:47,  7.31it/s]
loading complexes:  22%|██▏       | 218/1000 [00:30<01:54,  6.83it/s]
loading complexes:  22%|██▏       | 219/1000 [00:30<01:52,  6.91it/s]
loading complexes:  22%|██▏       | 220/1000 [00:30<01:47,  7.27it/s]
loading complexes:  22%|██▏       | 221/1000 [00:30<01:50,  7.08it/s]
loading complexes:  22%|██▏       | 222/1000 [00:30<01:43,  7.55it/s]
loading complexes:  22%|██▏       | 223/1000 [00:30<01:52,  6.88it/s]
loading complexes:  22%|██▏       | 224/1000 [00:31<02:00,  6.44it/s]
loading complexes:  22%|██▎       | 225/1000 [00:31<01:55,  6.72it/s]
loading complexes:  23%|██▎       | 227/1000 [00:31<01:42,  7.54it/s]
loading complexes:  23%|██▎       | 228/1000 [00:31<01:45,  7.32it/s]
loading complexes:  23%|██▎       | 229/1000 [00:31<01:45,  7.29it/s]
loading complexes:  23%|██▎       | 230/1000 [00:31<01:43,  7.42it/s]
loading complexes:  23%|██▎       | 231/1000 [00:31<01:38,  7.85it/s]
loading complexes:  23%|██▎       | 232/1000 [00:32<01:39,  7.71it/s]
loading complexes:  23%|██▎       | 233/1000 [00:32<01:44,  7.37it/s]
loading complexes:  23%|██▎       | 234/1000 [00:32<01:48,  7.05it/s]
loading complexes:  24%|██▎       | 235/1000 [00:32<01:39,  7.65it/s]
loading complexes:  24%|██▎       | 237/1000 [00:32<01:40,  7.56it/s]
loading complexes:  24%|██▍       | 239/1000 [00:32<01:33,  8.12it/s]
loading complexes:  24%|██▍       | 241/1000 [00:33<01:29,  8.47it/s]
loading complexes:  24%|██▍       | 242/1000 [00:33<01:28,  8.59it/s]
loading complexes:  24%|██▍       | 243/1000 [00:33<01:27,  8.64it/s]
loading complexes:  24%|██▍       | 244/1000 [00:33<01:33,  8.09it/s]
loading complexes:  24%|██▍       | 245/1000 [00:33<01:39,  7.58it/s]
loading complexes:  25%|██▍       | 246/1000 [00:33<01:41,  7.41it/s]
loading complexes:  25%|██▍       | 247/1000 [00:33<01:41,  7.45it/s]
loading complexes:  25%|██▍       | 248/1000 [00:34<01:44,  7.18it/s]
loading complexes:  25%|██▍       | 249/1000 [00:34<01:52,  6.69it/s]
loading complexes:  25%|██▌       | 250/1000 [00:34<01:59,  6.28it/s]
loading complexes:  25%|██▌       | 251/1000 [00:34<02:04,  6.00it/s]
loading complexes:  25%|██▌       | 252/1000 [00:34<02:16,  5.46it/s]
loading complexes:  25%|██▌       | 253/1000 [00:35<02:04,  6.01it/s]
loading complexes:  25%|██▌       | 254/1000 [00:35<02:03,  6.03it/s]
loading complexes:  26%|██▌       | 255/1000 [00:35<01:53,  6.55it/s]
loading complexes:  26%|██▌       | 256/1000 [00:35<01:58,  6.27it/s]
loading complexes:  26%|██▌       | 257/1000 [00:35<01:47,  6.93it/s]
loading complexes:  26%|██▌       | 258/1000 [00:35<01:48,  6.83it/s]
loading complexes:  26%|██▌       | 259/1000 [00:35<01:44,  7.12it/s]
loading complexes:  26%|██▌       | 260/1000 [00:36<01:46,  6.96it/s]
loading complexes:  26%|██▌       | 262/1000 [00:36<01:30,  8.17it/s]
loading complexes:  26%|██▋       | 263/1000 [00:36<01:35,  7.75it/s]
loading complexes:  26%|██▋       | 264/1000 [00:36<01:39,  7.37it/s]
loading complexes:  26%|██▋       | 265/1000 [00:36<01:42,  7.19it/s]
loading complexes:  27%|██▋       | 266/1000 [00:36<01:57,  6.27it/s]
loading complexes:  27%|██▋       | 267/1000 [00:37<01:58,  6.19it/s]
loading complexes:  27%|██▋       | 269/1000 [00:37<01:44,  7.00it/s]
loading complexes:  27%|██▋       | 270/1000 [00:37<01:42,  7.15it/s]
loading complexes:  27%|██▋       | 271/1000 [00:37<01:47,  6.76it/s]
loading complexes:  27%|██▋       | 272/1000 [00:37<01:52,  6.49it/s]
loading complexes:  27%|██▋       | 273/1000 [00:37<01:50,  6.56it/s]
loading complexes:  27%|██▋       | 274/1000 [00:38<01:44,  6.94it/s]
loading complexes:  28%|██▊       | 275/1000 [00:38<01:40,  7.20it/s]
loading complexes:  28%|██▊       | 276/1000 [00:38<01:55,  6.27it/s]
loading complexes:  28%|██▊       | 278/1000 [00:38<01:40,  7.18it/s]
loading complexes:  28%|██▊       | 279/1000 [00:38<01:40,  7.18it/s]
loading complexes:  28%|██▊       | 280/1000 [00:38<01:38,  7.28it/s]
loading complexes:  28%|██▊       | 281/1000 [00:38<01:34,  7.64it/s]
loading complexes:  28%|██▊       | 282/1000 [00:39<01:37,  7.35it/s]
loading complexes:  28%|██▊       | 283/1000 [00:39<01:41,  7.05it/s]
loading complexes:  28%|██▊       | 284/1000 [00:39<01:35,  7.48it/s]
loading complexes:  28%|██▊       | 285/1000 [00:39<01:53,  6.27it/s]
loading complexes:  29%|██▊       | 286/1000 [00:39<01:43,  6.88it/s]
loading complexes:  29%|██▊       | 287/1000 [00:39<01:41,  7.02it/s]
loading complexes:  29%|██▉       | 288/1000 [00:40<01:54,  6.22it/s]
loading complexes:  29%|██▉       | 289/1000 [00:40<01:54,  6.20it/s]
loading complexes:  29%|██▉       | 290/1000 [00:40<01:45,  6.75it/s]
loading complexes:  29%|██▉       | 291/1000 [00:40<01:45,  6.75it/s]
loading complexes:  29%|██▉       | 292/1000 [00:40<01:48,  6.53it/s]
loading complexes:  29%|██▉       | 293/1000 [00:40<01:46,  6.61it/s]
loading complexes:  30%|██▉       | 295/1000 [00:41<01:40,  7.00it/s]
loading complexes:  30%|██▉       | 296/1000 [00:41<01:48,  6.51it/s]
loading complexes:  30%|██▉       | 297/1000 [00:41<02:03,  5.71it/s]
loading complexes:  30%|██▉       | 298/1000 [00:41<01:54,  6.15it/s]
loading complexes:  30%|██▉       | 299/1000 [00:41<01:47,  6.54it/s]
loading complexes:  30%|███       | 300/1000 [00:41<01:48,  6.47it/s]
loading complexes:  30%|███       | 301/1000 [00:42<01:43,  6.72it/s]
loading complexes:  30%|███       | 302/1000 [00:42<01:47,  6.47it/s]
loading complexes:  30%|███       | 303/1000 [00:42<01:54,  6.11it/s]
loading complexes:  30%|███       | 304/1000 [00:42<01:46,  6.51it/s]
loading complexes:  30%|███       | 305/1000 [00:42<01:39,  6.97it/s]
loading complexes:  31%|███       | 307/1000 [00:42<01:32,  7.46it/s]
loading complexes:  31%|███       | 308/1000 [00:43<01:36,  7.16it/s]
loading complexes:  31%|███       | 309/1000 [00:43<01:36,  7.14it/s]
loading complexes:  31%|███       | 310/1000 [00:43<01:37,  7.08it/s]
loading complexes:  31%|███       | 311/1000 [00:43<02:05,  5.47it/s]
loading complexes:  31%|███       | 312/1000 [00:43<01:56,  5.89it/s]
loading complexes:  31%|███▏      | 313/1000 [00:43<01:50,  6.22it/s]
loading complexes:  31%|███▏      | 314/1000 [00:44<01:49,  6.29it/s]
loading complexes:  32%|███▏      | 316/1000 [00:44<01:35,  7.19it/s]
loading complexes:  32%|███▏      | 317/1000 [00:44<01:31,  7.48it/s]
loading complexes:  32%|███▏      | 318/1000 [00:44<01:32,  7.40it/s]
loading complexes:  32%|███▏      | 319/1000 [00:44<01:26,  7.91it/s]
loading complexes:  32%|███▏      | 320/1000 [00:44<01:34,  7.18it/s]
loading complexes:  32%|███▏      | 321/1000 [00:44<01:38,  6.89it/s]
loading complexes:  32%|███▏      | 322/1000 [00:45<01:31,  7.40it/s]
loading complexes:  32%|███▏      | 324/1000 [00:45<01:20,  8.37it/s]
loading complexes:  32%|███▎      | 325/1000 [00:45<01:31,  7.40it/s]
loading complexes:  33%|███▎      | 326/1000 [00:45<01:25,  7.85it/s]
loading complexes:  33%|███▎      | 327/1000 [00:45<01:32,  7.26it/s]
loading complexes:  33%|███▎      | 328/1000 [00:45<01:41,  6.63it/s]
loading complexes:  33%|███▎      | 329/1000 [00:46<01:46,  6.28it/s]
loading complexes:  33%|███▎      | 330/1000 [00:46<01:40,  6.64it/s]
loading complexes:  33%|███▎      | 331/1000 [00:46<01:46,  6.30it/s]
loading complexes:  33%|███▎      | 332/1000 [00:46<01:45,  6.33it/s]
loading complexes:  33%|███▎      | 333/1000 [00:46<01:42,  6.54it/s]
loading complexes:  33%|███▎      | 334/1000 [00:46<01:37,  6.83it/s]
loading complexes:  34%|███▎      | 335/1000 [00:47<01:43,  6.42it/s]
loading complexes:  34%|███▎      | 336/1000 [00:47<01:42,  6.50it/s]
loading complexes:  34%|███▎      | 337/1000 [00:47<01:33,  7.09it/s]
loading complexes:  34%|███▍      | 338/1000 [00:47<01:28,  7.52it/s]
loading complexes:  34%|███▍      | 339/1000 [00:47<01:28,  7.47it/s]
loading complexes:  34%|███▍      | 340/1000 [00:47<01:22,  7.98it/s]
loading complexes:  34%|███▍      | 341/1000 [00:47<01:27,  7.55it/s]
loading complexes:  34%|███▍      | 342/1000 [00:47<01:27,  7.48it/s]
loading complexes:  34%|███▍      | 344/1000 [00:48<01:26,  7.55it/s]
loading complexes:  34%|███▍      | 345/1000 [00:48<01:25,  7.68it/s]
loading complexes:  35%|███▍      | 346/1000 [00:48<01:25,  7.62it/s]
loading complexes:  35%|███▍      | 347/1000 [00:48<01:26,  7.54it/s]
loading complexes:  35%|███▍      | 349/1000 [00:48<01:14,  8.79it/s]
loading complexes:  35%|███▌      | 350/1000 [00:48<01:12,  9.00it/s]
loading complexes:  35%|███▌      | 351/1000 [00:49<01:18,  8.30it/s]
loading complexes:  35%|███▌      | 353/1000 [00:49<01:11,  9.04it/s]
loading complexes:  35%|███▌      | 354/1000 [00:49<01:20,  7.98it/s]
loading complexes:  36%|███▌      | 355/1000 [00:49<01:21,  7.93it/s]
loading complexes:  36%|███▌      | 356/1000 [00:49<01:17,  8.33it/s]
loading complexes:  36%|███▌      | 357/1000 [00:49<01:18,  8.20it/s]
loading complexes:  36%|███▌      | 358/1000 [00:49<01:24,  7.58it/s]
loading complexes:  36%|███▌      | 359/1000 [00:50<01:32,  6.93it/s]
loading complexes:  36%|███▌      | 361/1000 [00:50<01:20,  7.90it/s]
loading complexes:  36%|███▌      | 362/1000 [00:50<01:23,  7.60it/s]
loading complexes:  36%|███▋      | 363/1000 [00:50<01:27,  7.24it/s]
loading complexes:  36%|███▋      | 364/1000 [00:50<01:21,  7.82it/s]
loading complexes:  36%|███▋      | 365/1000 [00:50<01:29,  7.07it/s]
loading complexes:  37%|███▋      | 366/1000 [00:50<01:26,  7.32it/s]
loading complexes:  37%|███▋      | 367/1000 [00:51<01:26,  7.29it/s]
loading complexes:  37%|███▋      | 369/1000 [00:51<01:21,  7.76it/s]
loading complexes:  37%|███▋      | 370/1000 [00:51<01:28,  7.09it/s]
loading complexes:  37%|███▋      | 371/1000 [00:51<01:43,  6.10it/s]
loading complexes:  37%|███▋      | 372/1000 [00:51<01:34,  6.62it/s]
loading complexes:  37%|███▋      | 374/1000 [00:52<01:23,  7.54it/s]
loading complexes:  38%|███▊      | 376/1000 [00:52<01:13,  8.44it/s]
loading complexes:  38%|███▊      | 377/1000 [00:52<01:17,  8.08it/s]
loading complexes:  38%|███▊      | 378/1000 [00:52<01:19,  7.81it/s]
loading complexes:  38%|███▊      | 379/1000 [00:52<01:23,  7.47it/s]
loading complexes:  38%|███▊      | 380/1000 [00:52<01:21,  7.58it/s]
loading complexes:  38%|███▊      | 381/1000 [00:52<01:24,  7.34it/s]
loading complexes:  38%|███▊      | 383/1000 [00:53<01:19,  7.76it/s]
loading complexes:  38%|███▊      | 384/1000 [00:53<01:22,  7.47it/s]
loading complexes:  38%|███▊      | 385/1000 [00:53<01:24,  7.30it/s]
loading complexes:  39%|███▊      | 386/1000 [00:53<01:23,  7.34it/s]
loading complexes:  39%|███▊      | 387/1000 [00:53<01:26,  7.06it/s]
loading complexes:  39%|███▉      | 389/1000 [00:54<01:13,  8.27it/s]
loading complexes:  39%|███▉      | 390/1000 [00:54<01:12,  8.39it/s]
loading complexes:  39%|███▉      | 391/1000 [00:54<01:12,  8.37it/s]
loading complexes:  39%|███▉      | 392/1000 [00:54<01:13,  8.22it/s]
loading complexes:  39%|███▉      | 393/1000 [00:54<01:16,  7.99it/s]
loading complexes:  39%|███▉      | 394/1000 [00:54<01:17,  7.84it/s]
loading complexes:  40%|███▉      | 395/1000 [00:54<01:23,  7.25it/s]
loading complexes:  40%|███▉      | 396/1000 [00:54<01:22,  7.34it/s]
loading complexes:  40%|███▉      | 397/1000 [00:55<01:22,  7.27it/s]
loading complexes:  40%|███▉      | 398/1000 [00:55<01:21,  7.42it/s]
loading complexes:  40%|███▉      | 399/1000 [00:55<01:30,  6.66it/s]
loading complexes:  40%|████      | 400/1000 [00:55<01:23,  7.15it/s]
loading complexes:  40%|████      | 401/1000 [00:55<01:22,  7.25it/s]
loading complexes:  40%|████      | 403/1000 [00:55<01:11,  8.39it/s]
loading complexes:  40%|████      | 404/1000 [00:55<01:16,  7.75it/s]
loading complexes:  40%|████      | 405/1000 [00:56<01:24,  7.06it/s]
loading complexes:  41%|████      | 406/1000 [00:56<01:23,  7.09it/s]
loading complexes:  41%|████      | 407/1000 [00:56<01:23,  7.08it/s]
loading complexes:  41%|████      | 408/1000 [00:56<01:20,  7.33it/s]
loading complexes:  41%|████      | 409/1000 [00:56<01:19,  7.44it/s]
loading complexes:  41%|████      | 410/1000 [00:56<01:16,  7.68it/s]
loading complexes:  41%|████      | 411/1000 [00:56<01:24,  7.01it/s]
loading complexes:  41%|████      | 412/1000 [00:57<01:19,  7.40it/s]
loading complexes:  41%|████▏     | 413/1000 [00:57<01:22,  7.14it/s]
loading complexes:  41%|████▏     | 414/1000 [00:57<01:28,  6.59it/s]
loading complexes:  42%|████▏     | 415/1000 [00:57<01:29,  6.54it/s]
loading complexes:  42%|████▏     | 416/1000 [00:57<01:30,  6.49it/s]
loading complexes:  42%|████▏     | 417/1000 [00:57<01:27,  6.66it/s]
loading complexes:  42%|████▏     | 418/1000 [00:58<01:20,  7.23it/s]
loading complexes:  42%|████▏     | 419/1000 [00:58<01:15,  7.67it/s]
loading complexes:  42%|████▏     | 420/1000 [00:58<01:22,  7.04it/s]
loading complexes:  42%|████▏     | 421/1000 [00:58<01:22,  7.00it/s]
loading complexes:  42%|████▏     | 422/1000 [00:58<01:29,  6.49it/s]
loading complexes:  42%|████▏     | 423/1000 [00:58<01:21,  7.11it/s]
loading complexes:  42%|████▏     | 424/1000 [00:58<01:20,  7.13it/s]
loading complexes:  42%|████▎     | 425/1000 [00:58<01:19,  7.27it/s]
loading complexes:  43%|████▎     | 426/1000 [00:59<01:22,  6.98it/s]
loading complexes:  43%|████▎     | 427/1000 [00:59<01:26,  6.64it/s]
loading complexes:  43%|████▎     | 428/1000 [00:59<01:25,  6.68it/s]
loading complexes:  43%|████▎     | 429/1000 [00:59<01:17,  7.38it/s]
loading complexes:  43%|████▎     | 430/1000 [00:59<01:20,  7.08it/s]
loading complexes:  43%|████▎     | 431/1000 [00:59<01:30,  6.28it/s]
loading complexes:  43%|████▎     | 432/1000 [01:00<01:33,  6.07it/s]
loading complexes:  43%|████▎     | 433/1000 [01:00<01:44,  5.42it/s]
loading complexes:  44%|████▎     | 435/1000 [01:00<01:26,  6.56it/s]
loading complexes:  44%|████▎     | 436/1000 [01:00<01:25,  6.57it/s]
loading complexes:  44%|████▎     | 437/1000 [01:00<01:22,  6.85it/s]
loading complexes:  44%|████▍     | 439/1000 [01:01<01:16,  7.35it/s]
loading complexes:  44%|████▍     | 440/1000 [01:01<01:16,  7.33it/s]
loading complexes:  44%|████▍     | 441/1000 [01:01<01:16,  7.28it/s]
loading complexes:  44%|████▍     | 442/1000 [01:01<01:21,  6.81it/s]
loading complexes:  44%|████▍     | 443/1000 [01:01<01:24,  6.62it/s]
loading complexes:  44%|████▍     | 444/1000 [01:01<01:28,  6.31it/s]
loading complexes:  44%|████▍     | 445/1000 [01:02<01:24,  6.55it/s]
loading complexes:  45%|████▍     | 446/1000 [01:02<01:18,  7.07it/s]
loading complexes:  45%|████▍     | 447/1000 [01:02<01:17,  7.14it/s]
loading complexes:  45%|████▍     | 448/1000 [01:02<01:17,  7.13it/s]
loading complexes:  45%|████▍     | 449/1000 [01:02<01:20,  6.84it/s]
loading complexes:  45%|████▌     | 450/1000 [01:02<01:23,  6.57it/s]
loading complexes:  45%|████▌     | 452/1000 [01:02<01:16,  7.15it/s]
loading complexes:  45%|████▌     | 453/1000 [01:03<01:20,  6.83it/s]
loading complexes:  45%|████▌     | 454/1000 [01:03<01:17,  7.00it/s]
loading complexes:  46%|████▌     | 455/1000 [01:03<01:15,  7.19it/s]
loading complexes:  46%|████▌     | 456/1000 [01:03<01:13,  7.35it/s]
loading complexes:  46%|████▌     | 457/1000 [01:03<01:19,  6.84it/s]
loading complexes:  46%|████▌     | 458/1000 [01:03<01:19,  6.80it/s]
loading complexes:  46%|████▌     | 459/1000 [01:03<01:12,  7.41it/s]
loading complexes:  46%|████▌     | 460/1000 [01:04<01:14,  7.29it/s]
loading complexes:  46%|████▌     | 461/1000 [01:04<01:16,  7.04it/s]
loading complexes:  46%|████▌     | 462/1000 [01:04<01:15,  7.16it/s]
loading complexes:  46%|████▋     | 464/1000 [01:04<01:10,  7.60it/s]
loading complexes:  46%|████▋     | 465/1000 [01:04<01:11,  7.53it/s]
loading complexes:  47%|████▋     | 466/1000 [01:04<01:08,  7.75it/s]
loading complexes:  47%|████▋     | 467/1000 [01:05<01:08,  7.80it/s]
loading complexes:  47%|████▋     | 468/1000 [01:05<01:09,  7.70it/s]
loading complexes:  47%|████▋     | 469/1000 [01:05<01:08,  7.70it/s]
loading complexes:  47%|████▋     | 470/1000 [01:05<01:17,  6.83it/s]
loading complexes:  47%|████▋     | 471/1000 [01:05<01:12,  7.31it/s]
loading complexes:  47%|████▋     | 472/1000 [01:05<01:08,  7.69it/s]
loading complexes:  47%|████▋     | 473/1000 [01:05<01:10,  7.45it/s]
loading complexes:  47%|████▋     | 474/1000 [01:05<01:12,  7.28it/s]
loading complexes:  48%|████▊     | 475/1000 [01:06<01:10,  7.43it/s]
loading complexes:  48%|████▊     | 476/1000 [01:06<01:12,  7.21it/s]
loading complexes:  48%|████▊     | 477/1000 [01:06<01:06,  7.83it/s]
loading complexes:  48%|████▊     | 479/1000 [01:06<01:10,  7.41it/s]
loading complexes:  48%|████▊     | 481/1000 [01:06<01:08,  7.59it/s]
loading complexes:  48%|████▊     | 482/1000 [01:07<01:08,  7.58it/s]
loading complexes:  48%|████▊     | 483/1000 [01:07<01:04,  8.02it/s]
loading complexes:  48%|████▊     | 484/1000 [01:07<01:02,  8.31it/s]
loading complexes:  48%|████▊     | 485/1000 [01:07<01:09,  7.39it/s]
loading complexes:  49%|████▊     | 486/1000 [01:07<01:07,  7.59it/s]
loading complexes:  49%|████▊     | 487/1000 [01:07<01:07,  7.59it/s]
loading complexes:  49%|████▉     | 488/1000 [01:07<01:11,  7.13it/s]
loading complexes:  49%|████▉     | 489/1000 [01:08<01:13,  6.96it/s]
loading complexes:  49%|████▉     | 490/1000 [01:08<01:07,  7.59it/s]
loading complexes:  49%|████▉     | 491/1000 [01:08<01:06,  7.65it/s]
loading complexes:  49%|████▉     | 492/1000 [01:08<01:02,  8.13it/s]
loading complexes:  49%|████▉     | 493/1000 [01:08<01:04,  7.91it/s]
loading complexes:  50%|████▉     | 495/1000 [01:08<01:01,  8.27it/s]
loading complexes:  50%|████▉     | 496/1000 [01:08<01:03,  7.91it/s]
loading complexes:  50%|████▉     | 498/1000 [01:09<00:56,  8.90it/s]
loading complexes:  50%|████▉     | 499/1000 [01:09<00:55,  9.02it/s]
loading complexes:  50%|█████     | 500/1000 [01:09<01:01,  8.11it/s]
loading complexes:  50%|█████     | 502/1000 [01:09<00:59,  8.32it/s]
loading complexes:  50%|█████     | 504/1000 [01:09<01:03,  7.80it/s]
loading complexes:  50%|█████     | 505/1000 [01:09<01:01,  8.03it/s]
loading complexes:  51%|█████     | 506/1000 [01:10<01:01,  8.00it/s]
loading complexes:  51%|█████     | 507/1000 [01:10<01:04,  7.64it/s]
loading complexes:  51%|█████     | 509/1000 [01:10<01:03,  7.75it/s]
loading complexes:  51%|█████     | 510/1000 [01:10<01:01,  8.02it/s]
loading complexes:  51%|█████     | 511/1000 [01:10<01:02,  7.77it/s]
loading complexes:  51%|█████     | 512/1000 [01:10<01:03,  7.74it/s]
loading complexes:  51%|█████▏    | 513/1000 [01:11<01:08,  7.08it/s]
loading complexes:  51%|█████▏    | 514/1000 [01:11<01:21,  5.99it/s]
loading complexes:  52%|█████▏    | 515/1000 [01:11<01:15,  6.45it/s]
loading complexes:  52%|█████▏    | 516/1000 [01:11<01:21,  5.97it/s]
loading complexes:  52%|█████▏    | 517/1000 [01:11<01:16,  6.28it/s]
loading complexes:  52%|█████▏    | 518/1000 [01:11<01:14,  6.51it/s]
loading complexes:  52%|█████▏    | 519/1000 [01:12<01:15,  6.35it/s]
loading complexes:  52%|█████▏    | 520/1000 [01:12<01:25,  5.58it/s]
loading complexes:  52%|█████▏    | 521/1000 [01:12<01:23,  5.76it/s]
loading complexes:  52%|█████▏    | 522/1000 [01:12<01:18,  6.10it/s]
loading complexes:  52%|█████▏    | 523/1000 [01:12<01:17,  6.14it/s]
loading complexes:  52%|█████▏    | 524/1000 [01:12<01:11,  6.63it/s]
loading complexes:  52%|█████▎    | 525/1000 [01:12<01:12,  6.55it/s]
loading complexes:  53%|█████▎    | 526/1000 [01:13<01:07,  7.03it/s]
loading complexes:  53%|█████▎    | 527/1000 [01:13<01:04,  7.34it/s]
loading complexes:  53%|█████▎    | 528/1000 [01:13<01:09,  6.83it/s]
loading complexes:  53%|█████▎    | 530/1000 [01:13<00:59,  7.91it/s]
loading complexes:  53%|█████▎    | 531/1000 [01:13<00:58,  8.01it/s]
loading complexes:  53%|█████▎    | 532/1000 [01:13<01:00,  7.71it/s]
loading complexes:  53%|█████▎    | 533/1000 [01:14<01:02,  7.52it/s]
loading complexes:  53%|█████▎    | 534/1000 [01:14<01:15,  6.17it/s]
loading complexes:  54%|█████▎    | 535/1000 [01:14<01:13,  6.30it/s]
loading complexes:  54%|█████▎    | 536/1000 [01:14<01:12,  6.44it/s]
loading complexes:  54%|█████▎    | 537/1000 [01:14<01:18,  5.91it/s]
loading complexes:  54%|█████▍    | 538/1000 [01:14<01:10,  6.56it/s]
loading complexes:  54%|█████▍    | 539/1000 [01:14<01:04,  7.11it/s]
loading complexes:  54%|█████▍    | 540/1000 [01:15<01:08,  6.70it/s]
loading complexes:  54%|█████▍    | 542/1000 [01:15<01:00,  7.59it/s]
loading complexes:  54%|█████▍    | 543/1000 [01:15<01:02,  7.36it/s]
loading complexes:  54%|█████▍    | 544/1000 [01:15<01:03,  7.17it/s]
loading complexes:  55%|█████▍    | 545/1000 [01:15<00:59,  7.69it/s]
loading complexes:  55%|█████▍    | 546/1000 [01:15<01:01,  7.40it/s]
loading complexes:  55%|█████▍    | 547/1000 [01:16<00:59,  7.68it/s]
loading complexes:  55%|█████▍    | 548/1000 [01:16<00:58,  7.73it/s]
loading complexes:  55%|█████▍    | 549/1000 [01:16<01:01,  7.30it/s]
loading complexes:  55%|█████▌    | 550/1000 [01:16<00:57,  7.82it/s]
loading complexes:  55%|█████▌    | 551/1000 [01:16<01:04,  6.92it/s]
loading complexes:  55%|█████▌    | 552/1000 [01:16<01:03,  7.03it/s]
loading complexes:  55%|█████▌    | 553/1000 [01:16<01:01,  7.22it/s]
loading complexes:  55%|█████▌    | 554/1000 [01:16<01:00,  7.33it/s]
loading complexes:  56%|█████▌    | 555/1000 [01:17<00:58,  7.64it/s]
loading complexes:  56%|█████▌    | 557/1000 [01:17<00:48,  9.13it/s]
loading complexes:  56%|█████▌    | 558/1000 [01:17<00:52,  8.43it/s]
loading complexes:  56%|█████▌    | 559/1000 [01:17<00:51,  8.58it/s]
loading complexes:  56%|█████▌    | 561/1000 [01:17<00:49,  8.81it/s]
loading complexes:  56%|█████▌    | 562/1000 [01:17<00:54,  7.98it/s]
loading complexes:  56%|█████▋    | 563/1000 [01:18<00:52,  8.29it/s]
loading complexes:  56%|█████▋    | 564/1000 [01:18<00:59,  7.35it/s]
loading complexes:  56%|█████▋    | 565/1000 [01:18<00:56,  7.65it/s]
loading complexes:  57%|█████▋    | 566/1000 [01:18<00:55,  7.84it/s]
loading complexes:  57%|█████▋    | 567/1000 [01:18<00:59,  7.32it/s]
loading complexes:  57%|█████▋    | 568/1000 [01:18<01:00,  7.18it/s]
loading complexes:  57%|█████▋    | 569/1000 [01:18<01:01,  7.00it/s]
loading complexes:  57%|█████▋    | 570/1000 [01:19<00:59,  7.26it/s]
loading complexes:  57%|█████▋    | 571/1000 [01:19<01:01,  7.00it/s]
loading complexes:  57%|█████▋    | 572/1000 [01:19<00:55,  7.68it/s]
loading complexes:  57%|█████▋    | 574/1000 [01:19<00:55,  7.64it/s]
loading complexes:  58%|█████▊    | 576/1000 [01:19<00:51,  8.23it/s]
loading complexes:  58%|█████▊    | 577/1000 [01:19<00:55,  7.64it/s]
loading complexes:  58%|█████▊    | 578/1000 [01:20<00:52,  8.09it/s]
loading complexes:  58%|█████▊    | 579/1000 [01:20<00:53,  7.80it/s]
loading complexes:  58%|█████▊    | 580/1000 [01:20<00:55,  7.56it/s]
loading complexes:  58%|█████▊    | 581/1000 [01:20<00:58,  7.18it/s]
loading complexes:  58%|█████▊    | 583/1000 [01:20<00:55,  7.49it/s]
loading complexes:  58%|█████▊    | 585/1000 [01:20<00:51,  8.00it/s]
loading complexes:  59%|█████▊    | 586/1000 [01:21<00:57,  7.14it/s]
loading complexes:  59%|█████▊    | 587/1000 [01:21<01:03,  6.50it/s]
loading complexes:  59%|█████▉    | 588/1000 [01:21<01:05,  6.31it/s]
loading complexes:  59%|█████▉    | 589/1000 [01:21<00:59,  6.93it/s]
loading complexes:  59%|█████▉    | 590/1000 [01:21<00:59,  6.92it/s]
loading complexes:  59%|█████▉    | 591/1000 [01:21<00:54,  7.51it/s]
loading complexes:  59%|█████▉    | 592/1000 [01:22<00:55,  7.31it/s]
loading complexes:  59%|█████▉    | 593/1000 [01:22<00:56,  7.22it/s]
loading complexes:  59%|█████▉    | 594/1000 [01:22<00:58,  6.97it/s]
loading complexes:  60%|█████▉    | 595/1000 [01:22<00:56,  7.20it/s]
loading complexes:  60%|█████▉    | 596/1000 [01:22<00:52,  7.69it/s]
loading complexes:  60%|█████▉    | 598/1000 [01:22<00:48,  8.28it/s]
loading complexes:  60%|██████    | 600/1000 [01:22<00:43,  9.11it/s]
loading complexes:  60%|██████    | 601/1000 [01:23<00:44,  9.05it/s]
loading complexes:  60%|██████    | 602/1000 [01:23<00:43,  9.10it/s]
loading complexes:  60%|██████    | 603/1000 [01:23<00:44,  8.85it/s]
loading complexes:  60%|██████    | 604/1000 [01:23<00:48,  8.22it/s]
loading complexes:  60%|██████    | 605/1000 [01:23<00:49,  7.93it/s]
loading complexes:  61%|██████    | 607/1000 [01:23<00:45,  8.61it/s]
loading complexes:  61%|██████    | 608/1000 [01:23<00:54,  7.20it/s]
loading complexes:  61%|██████    | 609/1000 [01:24<00:53,  7.25it/s]
loading complexes:  61%|██████    | 610/1000 [01:24<00:56,  6.93it/s]
loading complexes:  61%|██████    | 611/1000 [01:24<01:01,  6.32it/s]
loading complexes:  61%|██████    | 612/1000 [01:24<00:57,  6.72it/s]
loading complexes:  61%|██████▏   | 613/1000 [01:24<00:53,  7.20it/s]
loading complexes:  61%|██████▏   | 614/1000 [01:24<00:54,  7.07it/s]
loading complexes:  62%|██████▏   | 615/1000 [01:25<00:54,  7.03it/s]
loading complexes:  62%|██████▏   | 616/1000 [01:25<00:54,  7.01it/s]
loading complexes:  62%|██████▏   | 618/1000 [01:25<00:47,  8.00it/s]
loading complexes:  62%|██████▏   | 619/1000 [01:25<00:46,  8.15it/s]
loading complexes:  62%|██████▏   | 620/1000 [01:25<00:47,  8.01it/s]
loading complexes:  62%|██████▏   | 621/1000 [01:25<00:54,  6.99it/s]
loading complexes:  62%|██████▏   | 622/1000 [01:25<00:56,  6.65it/s]
loading complexes:  62%|██████▏   | 623/1000 [01:26<00:53,  7.06it/s]
loading complexes:  62%|██████▏   | 624/1000 [01:26<00:49,  7.63it/s]
loading complexes:  62%|██████▎   | 625/1000 [01:26<00:52,  7.20it/s]
loading complexes:  63%|██████▎   | 626/1000 [01:26<00:53,  7.02it/s]
loading complexes:  63%|██████▎   | 627/1000 [01:26<00:56,  6.62it/s]
loading complexes:  63%|██████▎   | 628/1000 [01:26<00:50,  7.32it/s]
loading complexes:  63%|██████▎   | 629/1000 [01:26<00:46,  7.91it/s]
loading complexes:  63%|██████▎   | 630/1000 [01:27<00:50,  7.36it/s]
loading complexes:  63%|██████▎   | 631/1000 [01:27<01:05,  5.63it/s]
loading complexes:  63%|██████▎   | 632/1000 [01:27<01:00,  6.07it/s]
loading complexes:  63%|██████▎   | 633/1000 [01:27<00:53,  6.85it/s]
loading complexes:  63%|██████▎   | 634/1000 [01:27<00:55,  6.64it/s]
loading complexes:  64%|██████▎   | 635/1000 [01:27<00:54,  6.65it/s]
loading complexes:  64%|██████▎   | 636/1000 [01:27<00:49,  7.29it/s]
loading complexes:  64%|██████▍   | 638/1000 [01:28<00:43,  8.28it/s]
loading complexes:  64%|██████▍   | 639/1000 [01:28<00:42,  8.45it/s]
loading complexes:  64%|██████▍   | 640/1000 [01:28<00:45,  7.97it/s]
loading complexes:  64%|██████▍   | 641/1000 [01:28<00:45,  7.97it/s]
loading complexes:  64%|██████▍   | 642/1000 [01:28<00:52,  6.85it/s]
loading complexes:  64%|██████▍   | 644/1000 [01:29<00:50,  7.06it/s]
loading complexes:  64%|██████▍   | 645/1000 [01:29<00:50,  6.96it/s]
loading complexes:  65%|██████▍   | 646/1000 [01:29<00:46,  7.53it/s]
loading complexes:  65%|██████▍   | 647/1000 [01:29<00:45,  7.75it/s]
loading complexes:  65%|██████▍   | 648/1000 [01:29<00:47,  7.35it/s]
loading complexes:  65%|██████▍   | 649/1000 [01:29<00:48,  7.19it/s]
loading complexes:  65%|██████▌   | 650/1000 [01:29<00:46,  7.52it/s]
loading complexes:  65%|██████▌   | 651/1000 [01:29<00:47,  7.29it/s]
loading complexes:  65%|██████▌   | 652/1000 [01:30<00:49,  7.02it/s]
loading complexes:  65%|██████▌   | 653/1000 [01:30<00:49,  7.08it/s]
loading complexes:  65%|██████▌   | 654/1000 [01:30<00:51,  6.69it/s]
loading complexes:  66%|██████▌   | 655/1000 [01:30<00:49,  6.91it/s]
loading complexes:  66%|██████▌   | 656/1000 [01:30<00:49,  6.91it/s]
loading complexes:  66%|██████▌   | 657/1000 [01:30<00:48,  7.13it/s]
loading complexes:  66%|██████▌   | 658/1000 [01:31<00:50,  6.77it/s]
loading complexes:  66%|██████▌   | 659/1000 [01:31<00:49,  6.92it/s]
loading complexes:  66%|██████▌   | 660/1000 [01:31<00:49,  6.82it/s]
loading complexes:  66%|██████▌   | 661/1000 [01:31<00:48,  6.96it/s]
loading complexes:  66%|██████▌   | 662/1000 [01:31<00:48,  6.99it/s]
loading complexes:  66%|██████▋   | 663/1000 [01:31<00:49,  6.83it/s]
loading complexes:  66%|██████▋   | 665/1000 [01:31<00:43,  7.73it/s]
loading complexes:  67%|██████▋   | 666/1000 [01:32<00:46,  7.21it/s]
loading complexes:  67%|██████▋   | 667/1000 [01:32<00:43,  7.60it/s]
loading complexes:  67%|██████▋   | 668/1000 [01:32<00:41,  8.07it/s]
loading complexes:  67%|██████▋   | 669/1000 [01:32<00:44,  7.49it/s]
loading complexes:  67%|██████▋   | 670/1000 [01:32<00:46,  7.14it/s]
loading complexes:  67%|██████▋   | 671/1000 [01:32<00:46,  7.11it/s]
loading complexes:  67%|██████▋   | 673/1000 [01:33<00:44,  7.41it/s]
loading complexes:  68%|██████▊   | 675/1000 [01:33<00:40,  8.04it/s]
loading complexes:  68%|██████▊   | 676/1000 [01:33<00:39,  8.28it/s]
loading complexes:  68%|██████▊   | 677/1000 [01:33<00:40,  7.92it/s]
loading complexes:  68%|██████▊   | 678/1000 [01:33<00:40,  7.98it/s]
loading complexes:  68%|██████▊   | 679/1000 [01:33<00:46,  6.86it/s]
loading complexes:  68%|██████▊   | 680/1000 [01:33<00:45,  7.06it/s]
loading complexes:  68%|██████▊   | 681/1000 [01:34<00:48,  6.60it/s]
loading complexes:  68%|██████▊   | 682/1000 [01:34<00:51,  6.13it/s]
loading complexes:  68%|██████▊   | 683/1000 [01:34<00:51,  6.21it/s]
loading complexes:  68%|██████▊   | 684/1000 [01:34<00:45,  6.92it/s]
loading complexes:  69%|██████▊   | 686/1000 [01:34<00:39,  7.95it/s]
loading complexes:  69%|██████▊   | 687/1000 [01:34<00:40,  7.82it/s]
loading complexes:  69%|██████▉   | 688/1000 [01:35<00:40,  7.69it/s]
loading complexes:  69%|██████▉   | 689/1000 [01:35<00:41,  7.54it/s]
loading complexes:  69%|██████▉   | 690/1000 [01:35<00:41,  7.40it/s]
loading complexes:  69%|██████▉   | 692/1000 [01:35<00:37,  8.25it/s]
loading complexes:  69%|██████▉   | 693/1000 [01:35<00:37,  8.26it/s]
loading complexes:  69%|██████▉   | 694/1000 [01:35<00:40,  7.52it/s]
loading complexes:  70%|██████▉   | 695/1000 [01:35<00:38,  7.90it/s]
loading complexes:  70%|██████▉   | 696/1000 [01:36<00:42,  7.11it/s]
loading complexes:  70%|██████▉   | 697/1000 [01:36<00:43,  6.95it/s]
loading complexes:  70%|██████▉   | 698/1000 [01:36<00:39,  7.62it/s]
loading complexes:  70%|███████   | 700/1000 [01:36<00:38,  7.73it/s]
loading complexes:  70%|███████   | 701/1000 [01:36<00:41,  7.18it/s]
loading complexes:  70%|███████   | 703/1000 [01:37<00:38,  7.68it/s]
loading complexes:  70%|███████   | 704/1000 [01:37<00:41,  7.17it/s]
loading complexes:  70%|███████   | 705/1000 [01:37<00:40,  7.32it/s]
loading complexes:  71%|███████   | 706/1000 [01:37<00:42,  6.99it/s]
loading complexes:  71%|███████   | 707/1000 [01:37<00:42,  6.90it/s]
loading complexes:  71%|███████   | 709/1000 [01:37<00:40,  7.20it/s]
loading complexes:  71%|███████   | 710/1000 [01:38<00:37,  7.65it/s]
loading complexes:  71%|███████   | 711/1000 [01:38<00:39,  7.24it/s]
loading complexes:  71%|███████   | 712/1000 [01:38<00:42,  6.85it/s]
loading complexes:  71%|███████▏  | 713/1000 [01:38<00:48,  5.86it/s]
loading complexes:  71%|███████▏  | 714/1000 [01:38<00:48,  5.92it/s]
loading complexes:  72%|███████▏  | 715/1000 [01:38<00:45,  6.27it/s]
loading complexes:  72%|███████▏  | 716/1000 [01:39<00:44,  6.36it/s]
loading complexes:  72%|███████▏  | 717/1000 [01:39<00:42,  6.69it/s]
loading complexes:  72%|███████▏  | 718/1000 [01:39<00:40,  6.93it/s]
loading complexes:  72%|███████▏  | 719/1000 [01:39<00:38,  7.26it/s]
loading complexes:  72%|███████▏  | 720/1000 [01:39<00:37,  7.39it/s]
loading complexes:  72%|███████▏  | 721/1000 [01:39<00:38,  7.19it/s]
loading complexes:  72%|███████▏  | 722/1000 [01:39<00:38,  7.28it/s]
loading complexes:  72%|███████▏  | 723/1000 [01:39<00:35,  7.83it/s]
loading complexes:  72%|███████▏  | 724/1000 [01:40<00:33,  8.34it/s]
loading complexes:  72%|███████▎  | 725/1000 [01:40<00:33,  8.14it/s]
loading complexes:  73%|███████▎  | 726/1000 [01:40<00:32,  8.49it/s]
loading complexes:  73%|███████▎  | 727/1000 [01:40<00:31,  8.79it/s]
loading complexes:  73%|███████▎  | 728/1000 [01:40<00:33,  8.16it/s]
loading complexes:  73%|███████▎  | 729/1000 [01:40<00:36,  7.42it/s]
loading complexes:  73%|███████▎  | 730/1000 [01:40<00:37,  7.28it/s]
loading complexes:  73%|███████▎  | 731/1000 [01:40<00:37,  7.13it/s]
loading complexes:  73%|███████▎  | 733/1000 [01:41<00:34,  7.67it/s]
loading complexes:  74%|███████▎  | 735/1000 [01:41<00:33,  7.91it/s]
loading complexes:  74%|███████▎  | 736/1000 [01:41<00:33,  7.81it/s]
loading complexes:  74%|███████▎  | 737/1000 [01:41<00:35,  7.42it/s]
loading complexes:  74%|███████▍  | 738/1000 [01:41<00:35,  7.35it/s]
loading complexes:  74%|███████▍  | 739/1000 [01:42<00:35,  7.35it/s]
loading complexes:  74%|███████▍  | 740/1000 [01:42<00:35,  7.42it/s]
loading complexes:  74%|███████▍  | 742/1000 [01:42<00:29,  8.61it/s]
loading complexes:  74%|███████▍  | 743/1000 [01:42<00:32,  7.82it/s]
loading complexes:  74%|███████▍  | 744/1000 [01:42<00:34,  7.41it/s]
loading complexes:  74%|███████▍  | 745/1000 [01:42<00:39,  6.43it/s]
loading complexes:  75%|███████▍  | 747/1000 [01:43<00:36,  6.99it/s]
loading complexes:  75%|███████▍  | 748/1000 [01:43<00:35,  7.16it/s]
loading complexes:  75%|███████▍  | 749/1000 [01:43<00:32,  7.62it/s]
loading complexes:  75%|███████▌  | 750/1000 [01:43<00:34,  7.23it/s]
loading complexes:  75%|███████▌  | 751/1000 [01:43<00:34,  7.24it/s]
loading complexes:  75%|███████▌  | 752/1000 [01:43<00:34,  7.16it/s]
loading complexes:  75%|███████▌  | 754/1000 [01:44<00:33,  7.40it/s]
loading complexes:  76%|███████▌  | 755/1000 [01:44<00:31,  7.85it/s]
loading complexes:  76%|███████▌  | 756/1000 [01:44<00:32,  7.51it/s]
loading complexes:  76%|███████▌  | 757/1000 [01:44<00:33,  7.30it/s]
loading complexes:  76%|███████▌  | 758/1000 [01:44<00:33,  7.33it/s]
loading complexes:  76%|███████▌  | 759/1000 [01:44<00:31,  7.77it/s]
loading complexes:  76%|███████▌  | 760/1000 [01:44<00:30,  7.95it/s]
loading complexes:  76%|███████▌  | 761/1000 [01:44<00:30,  7.80it/s]
loading complexes:  76%|███████▌  | 762/1000 [01:45<00:30,  7.74it/s]
loading complexes:  76%|███████▋  | 763/1000 [01:45<00:31,  7.60it/s]
loading complexes:  76%|███████▋  | 764/1000 [01:45<00:30,  7.82it/s]
loading complexes:  76%|███████▋  | 765/1000 [01:45<00:31,  7.50it/s]
loading complexes:  77%|███████▋  | 766/1000 [01:45<00:29,  7.84it/s]
loading complexes:  77%|███████▋  | 767/1000 [01:45<00:31,  7.36it/s]
loading complexes:  77%|███████▋  | 768/1000 [01:45<00:30,  7.71it/s]
loading complexes:  77%|███████▋  | 769/1000 [01:45<00:28,  8.06it/s]
loading complexes:  77%|███████▋  | 771/1000 [01:46<00:27,  8.32it/s]
loading complexes:  77%|███████▋  | 772/1000 [01:46<00:28,  8.04it/s]
loading complexes:  77%|███████▋  | 773/1000 [01:46<00:28,  8.04it/s]
loading complexes:  77%|███████▋  | 774/1000 [01:46<00:32,  6.95it/s]
loading complexes:  78%|███████▊  | 775/1000 [01:46<00:33,  6.78it/s]
loading complexes:  78%|███████▊  | 776/1000 [01:47<00:35,  6.23it/s]
loading complexes:  78%|███████▊  | 777/1000 [01:47<00:36,  6.09it/s]
loading complexes:  78%|███████▊  | 778/1000 [01:47<00:33,  6.69it/s]
loading complexes:  78%|███████▊  | 779/1000 [01:47<00:30,  7.30it/s]
loading complexes:  78%|███████▊  | 780/1000 [01:47<00:27,  7.93it/s]
loading complexes:  78%|███████▊  | 781/1000 [01:47<00:29,  7.39it/s]
loading complexes:  78%|███████▊  | 782/1000 [01:47<00:34,  6.29it/s]
loading complexes:  78%|███████▊  | 783/1000 [01:48<00:33,  6.39it/s]
loading complexes:  78%|███████▊  | 784/1000 [01:48<00:32,  6.61it/s]
loading complexes:  79%|███████▊  | 786/1000 [01:48<00:30,  7.06it/s]
loading complexes:  79%|███████▊  | 787/1000 [01:48<00:30,  7.09it/s]
loading complexes:  79%|███████▉  | 788/1000 [01:48<00:31,  6.83it/s]
loading complexes:  79%|███████▉  | 789/1000 [01:48<00:30,  6.84it/s]
loading complexes:  79%|███████▉  | 790/1000 [01:49<00:29,  7.02it/s]
loading complexes:  79%|███████▉  | 791/1000 [01:49<00:27,  7.55it/s]
loading complexes:  79%|███████▉  | 792/1000 [01:49<00:28,  7.35it/s]
loading complexes:  79%|███████▉  | 793/1000 [01:49<00:26,  7.82it/s]
loading complexes:  79%|███████▉  | 794/1000 [01:49<00:25,  7.95it/s]
loading complexes:  80%|███████▉  | 796/1000 [01:49<00:22,  8.95it/s]
loading complexes:  80%|███████▉  | 798/1000 [01:49<00:23,  8.46it/s]
loading complexes:  80%|████████  | 800/1000 [01:50<00:23,  8.57it/s]
loading complexes:  80%|████████  | 801/1000 [01:50<00:24,  8.25it/s]
loading complexes:  80%|████████  | 802/1000 [01:50<00:24,  8.11it/s]
loading complexes:  80%|████████  | 803/1000 [01:50<00:24,  7.89it/s]
loading complexes:  80%|████████  | 804/1000 [01:50<00:23,  8.19it/s]
loading complexes:  80%|████████  | 805/1000 [01:50<00:23,  8.41it/s]
loading complexes:  81%|████████  | 807/1000 [01:51<00:23,  8.31it/s]
loading complexes:  81%|████████  | 808/1000 [01:51<00:24,  7.99it/s]
loading complexes:  81%|████████  | 809/1000 [01:51<00:25,  7.64it/s]
loading complexes:  81%|████████  | 810/1000 [01:51<00:26,  7.14it/s]
loading complexes:  81%|████████  | 811/1000 [01:51<00:26,  7.13it/s]
loading complexes:  81%|████████  | 812/1000 [01:51<00:26,  6.98it/s]
loading complexes:  81%|████████▏ | 813/1000 [01:51<00:30,  6.17it/s]
loading complexes:  81%|████████▏ | 814/1000 [01:52<00:29,  6.37it/s]
loading complexes:  82%|████████▏ | 815/1000 [01:52<00:26,  7.07it/s]
loading complexes:  82%|████████▏ | 816/1000 [01:52<00:28,  6.42it/s]
loading complexes:  82%|████████▏ | 817/1000 [01:52<00:28,  6.42it/s]
loading complexes:  82%|████████▏ | 818/1000 [01:52<00:30,  5.95it/s]
loading complexes:  82%|████████▏ | 820/1000 [01:53<00:25,  7.02it/s]
loading complexes:  82%|████████▏ | 822/1000 [01:53<00:23,  7.63it/s]
loading complexes:  82%|████████▏ | 823/1000 [01:53<00:25,  6.91it/s]
loading complexes:  82%|████████▏ | 824/1000 [01:53<00:24,  7.11it/s]
loading complexes:  82%|████████▎ | 825/1000 [01:53<00:23,  7.48it/s]
loading complexes:  83%|████████▎ | 826/1000 [01:53<00:28,  6.21it/s]
loading complexes:  83%|████████▎ | 827/1000 [01:54<00:26,  6.41it/s]
loading complexes:  83%|████████▎ | 828/1000 [01:54<00:27,  6.34it/s]
loading complexes:  83%|████████▎ | 829/1000 [01:54<00:24,  7.00it/s]
loading complexes:  83%|████████▎ | 830/1000 [01:54<00:23,  7.08it/s]
loading complexes:  83%|████████▎ | 831/1000 [01:54<00:23,  7.16it/s]
loading complexes:  83%|████████▎ | 832/1000 [01:54<00:24,  6.78it/s]
loading complexes:  83%|████████▎ | 833/1000 [01:54<00:23,  7.13it/s]
loading complexes:  84%|████████▎ | 835/1000 [01:55<00:20,  8.05it/s]
loading complexes:  84%|████████▎ | 837/1000 [01:55<00:19,  8.39it/s]
loading complexes:  84%|████████▍ | 839/1000 [01:55<00:18,  8.70it/s]
loading complexes:  84%|████████▍ | 840/1000 [01:55<00:20,  7.95it/s]
loading complexes:  84%|████████▍ | 841/1000 [01:55<00:22,  7.16it/s]
loading complexes:  84%|████████▍ | 842/1000 [01:55<00:20,  7.65it/s]
loading complexes:  84%|████████▍ | 843/1000 [01:56<00:21,  7.37it/s]
loading complexes:  84%|████████▍ | 844/1000 [01:56<00:23,  6.75it/s]
loading complexes:  84%|████████▍ | 845/1000 [01:56<00:21,  7.33it/s]
loading complexes:  85%|████████▍ | 846/1000 [01:56<00:20,  7.65it/s]
loading complexes:  85%|████████▍ | 847/1000 [01:56<00:23,  6.45it/s]
loading complexes:  85%|████████▍ | 848/1000 [01:56<00:21,  7.18it/s]
loading complexes:  85%|████████▍ | 849/1000 [01:57<00:22,  6.84it/s]
loading complexes:  85%|████████▌ | 850/1000 [01:57<00:22,  6.82it/s]
loading complexes:  85%|████████▌ | 852/1000 [01:57<00:20,  7.11it/s]
loading complexes:  85%|████████▌ | 854/1000 [01:57<00:17,  8.33it/s]
loading complexes:  86%|████████▌ | 855/1000 [01:57<00:17,  8.48it/s]
loading complexes:  86%|████████▌ | 856/1000 [01:57<00:17,  8.29it/s]
loading complexes:  86%|████████▌ | 857/1000 [01:57<00:16,  8.53it/s]
loading complexes:  86%|████████▌ | 858/1000 [01:58<00:16,  8.43it/s]
loading complexes:  86%|████████▌ | 859/1000 [01:58<00:17,  7.96it/s]
loading complexes:  86%|████████▌ | 860/1000 [01:58<00:17,  7.98it/s]
loading complexes:  86%|████████▌ | 861/1000 [01:58<00:16,  8.21it/s]
loading complexes:  86%|████████▌ | 862/1000 [01:58<00:16,  8.58it/s]
loading complexes:  86%|████████▋ | 863/1000 [01:58<00:17,  7.90it/s]
loading complexes:  86%|████████▋ | 864/1000 [01:58<00:18,  7.49it/s]
loading complexes:  86%|████████▋ | 865/1000 [01:59<00:19,  7.06it/s]
loading complexes:  87%|████████▋ | 866/1000 [01:59<00:20,  6.38it/s]
loading complexes:  87%|████████▋ | 867/1000 [01:59<00:20,  6.56it/s]
loading complexes:  87%|████████▋ | 868/1000 [01:59<00:19,  6.73it/s]
loading complexes:  87%|████████▋ | 869/1000 [01:59<00:18,  6.96it/s]
loading complexes:  87%|████████▋ | 870/1000 [01:59<00:18,  7.03it/s]
loading complexes:  87%|████████▋ | 871/1000 [01:59<00:17,  7.43it/s]
loading complexes:  87%|████████▋ | 872/1000 [02:00<00:18,  6.90it/s]
loading complexes:  87%|████████▋ | 873/1000 [02:00<00:18,  6.84it/s]
loading complexes:  87%|████████▋ | 874/1000 [02:00<00:17,  7.13it/s]
loading complexes:  88%|████████▊ | 875/1000 [02:00<00:21,  5.94it/s]
loading complexes:  88%|████████▊ | 876/1000 [02:00<00:19,  6.51it/s]
loading complexes:  88%|████████▊ | 877/1000 [02:00<00:18,  6.53it/s]
loading complexes:  88%|████████▊ | 878/1000 [02:01<00:20,  6.08it/s]
loading complexes:  88%|████████▊ | 879/1000 [02:01<00:20,  5.88it/s]
loading complexes:  88%|████████▊ | 880/1000 [02:01<00:19,  6.25it/s]
loading complexes:  88%|████████▊ | 881/1000 [02:01<00:18,  6.36it/s]
loading complexes:  88%|████████▊ | 882/1000 [02:01<00:17,  6.59it/s]
loading complexes:  88%|████████▊ | 883/1000 [02:01<00:18,  6.38it/s]
loading complexes:  88%|████████▊ | 884/1000 [02:01<00:18,  6.25it/s]
loading complexes:  88%|████████▊ | 885/1000 [02:02<00:18,  6.16it/s]
loading complexes:  89%|████████▊ | 887/1000 [02:02<00:14,  8.00it/s]
loading complexes:  89%|████████▉ | 888/1000 [02:02<00:14,  7.87it/s]
loading complexes:  89%|████████▉ | 889/1000 [02:02<00:13,  8.24it/s]
loading complexes:  89%|████████▉ | 890/1000 [02:02<00:16,  6.78it/s]
loading complexes:  89%|████████▉ | 891/1000 [02:02<00:16,  6.66it/s]
loading complexes:  89%|████████▉ | 892/1000 [02:03<00:15,  6.80it/s]
loading complexes:  89%|████████▉ | 893/1000 [02:03<00:15,  6.74it/s]
loading complexes:  89%|████████▉ | 894/1000 [02:03<00:14,  7.08it/s]
loading complexes:  90%|████████▉ | 895/1000 [02:03<00:13,  7.54it/s]
loading complexes:  90%|████████▉ | 897/1000 [02:03<00:13,  7.55it/s]
loading complexes:  90%|████████▉ | 898/1000 [02:03<00:13,  7.39it/s]
loading complexes:  90%|████████▉ | 899/1000 [02:04<00:14,  6.77it/s]
loading complexes:  90%|█████████ | 900/1000 [02:04<00:13,  7.29it/s]
loading complexes:  90%|█████████ | 901/1000 [02:04<00:13,  7.09it/s]
loading complexes:  90%|█████████ | 902/1000 [02:04<00:12,  7.60it/s]
loading complexes:  90%|█████████ | 903/1000 [02:04<00:12,  7.93it/s]
loading complexes:  90%|█████████ | 904/1000 [02:04<00:13,  7.27it/s]
loading complexes:  90%|█████████ | 905/1000 [02:04<00:13,  7.13it/s]
loading complexes:  91%|█████████ | 906/1000 [02:04<00:12,  7.61it/s]
loading complexes:  91%|█████████ | 907/1000 [02:05<00:11,  7.86it/s]
loading complexes:  91%|█████████ | 908/1000 [02:05<00:11,  8.04it/s]
loading complexes:  91%|█████████ | 909/1000 [02:05<00:14,  6.23it/s]
loading complexes:  91%|█████████ | 910/1000 [02:05<00:12,  6.97it/s]
loading complexes:  91%|█████████ | 911/1000 [02:05<00:13,  6.69it/s]
loading complexes:  91%|█████████ | 912/1000 [02:05<00:12,  6.88it/s]
loading complexes:  91%|█████████▏| 913/1000 [02:05<00:12,  6.81it/s]
loading complexes:  91%|█████████▏| 914/1000 [02:06<00:11,  7.34it/s]
loading complexes:  92%|█████████▏| 916/1000 [02:06<00:09,  8.87it/s]
loading complexes:  92%|█████████▏| 917/1000 [02:06<00:10,  8.26it/s]
loading complexes:  92%|█████████▏| 918/1000 [02:06<00:09,  8.32it/s]
loading complexes:  92%|█████████▏| 919/1000 [02:06<00:09,  8.49it/s]
loading complexes:  92%|█████████▏| 920/1000 [02:06<00:10,  7.48it/s]
loading complexes:  92%|█████████▏| 922/1000 [02:07<00:09,  7.99it/s]
loading complexes:  92%|█████████▏| 923/1000 [02:07<00:09,  7.98it/s]
loading complexes:  92%|█████████▎| 925/1000 [02:07<00:09,  7.68it/s]
loading complexes:  93%|█████████▎| 926/1000 [02:07<00:09,  7.47it/s]
loading complexes:  93%|█████████▎| 927/1000 [02:07<00:09,  7.69it/s]
loading complexes:  93%|█████████▎| 928/1000 [02:07<00:10,  6.95it/s]
loading complexes:  93%|█████████▎| 929/1000 [02:07<00:09,  7.43it/s]
loading complexes:  93%|█████████▎| 930/1000 [02:08<00:11,  6.24it/s]
loading complexes:  93%|█████████▎| 931/1000 [02:08<00:11,  5.83it/s]
loading complexes:  93%|█████████▎| 932/1000 [02:08<00:11,  5.77it/s]
loading complexes:  93%|█████████▎| 933/1000 [02:08<00:11,  6.06it/s]
loading complexes:  93%|█████████▎| 934/1000 [02:08<00:10,  6.30it/s]
loading complexes:  94%|█████████▎| 935/1000 [02:09<00:10,  6.00it/s]
loading complexes:  94%|█████████▎| 936/1000 [02:09<00:10,  6.22it/s]
loading complexes:  94%|█████████▎| 937/1000 [02:09<00:10,  5.98it/s]
loading complexes:  94%|█████████▍| 938/1000 [02:09<00:09,  6.56it/s]
loading complexes:  94%|█████████▍| 939/1000 [02:09<00:09,  6.18it/s]
loading complexes:  94%|█████████▍| 940/1000 [02:09<00:10,  5.78it/s]
loading complexes:  94%|█████████▍| 941/1000 [02:10<00:09,  6.23it/s]
loading complexes:  94%|█████████▍| 942/1000 [02:10<00:08,  6.48it/s]
loading complexes:  94%|█████████▍| 944/1000 [02:10<00:09,  6.16it/s]
loading complexes:  94%|█████████▍| 945/1000 [02:10<00:10,  5.04it/s]
loading complexes:  95%|█████████▍| 946/1000 [02:10<00:10,  5.31it/s]
loading complexes:  95%|█████████▍| 947/1000 [02:11<00:10,  5.12it/s]
loading complexes:  95%|█████████▍| 948/1000 [02:11<00:09,  5.62it/s]
loading complexes:  95%|█████████▍| 949/1000 [02:11<00:08,  5.95it/s]
loading complexes:  95%|█████████▌| 951/1000 [02:11<00:07,  6.87it/s]
loading complexes:  95%|█████████▌| 952/1000 [02:11<00:07,  6.56it/s]
loading complexes:  95%|█████████▌| 953/1000 [02:12<00:06,  6.87it/s]
loading complexes:  96%|█████████▌| 955/1000 [02:12<00:06,  7.00it/s]
loading complexes:  96%|█████████▌| 956/1000 [02:12<00:06,  6.84it/s]
loading complexes:  96%|█████████▌| 957/1000 [02:12<00:06,  7.12it/s]
loading complexes:  96%|█████████▌| 958/1000 [02:12<00:06,  6.89it/s]
loading complexes:  96%|█████████▌| 959/1000 [02:12<00:06,  6.47it/s]
loading complexes:  96%|█████████▌| 960/1000 [02:13<00:05,  6.72it/s]
loading complexes:  96%|█████████▌| 961/1000 [02:13<00:05,  6.95it/s]
loading complexes:  96%|█████████▌| 962/1000 [02:13<00:05,  6.95it/s]
loading complexes:  96%|█████████▋| 963/1000 [02:13<00:05,  6.38it/s]
loading complexes:  96%|█████████▋| 964/1000 [02:13<00:05,  6.69it/s]
loading complexes:  96%|█████████▋| 965/1000 [02:13<00:05,  6.18it/s]
loading complexes:  97%|█████████▋| 966/1000 [02:13<00:05,  6.57it/s]
loading complexes:  97%|█████████▋| 967/1000 [02:14<00:05,  6.30it/s]
loading complexes:  97%|█████████▋| 968/1000 [02:14<00:04,  6.42it/s]
loading complexes:  97%|█████████▋| 969/1000 [02:14<00:04,  7.04it/s]
loading complexes:  97%|█████████▋| 970/1000 [02:14<00:04,  7.24it/s]
loading complexes:  97%|█████████▋| 971/1000 [02:14<00:03,  7.73it/s]
loading complexes:  97%|█████████▋| 972/1000 [02:14<00:03,  7.22it/s]
loading complexes:  97%|█████████▋| 973/1000 [02:14<00:03,  7.24it/s]
loading complexes:  97%|█████████▋| 974/1000 [02:15<00:03,  6.91it/s]
loading complexes:  98%|█████████▊| 975/1000 [02:15<00:03,  7.00it/s]
loading complexes:  98%|█████████▊| 976/1000 [02:15<00:03,  7.18it/s]
loading complexes:  98%|█████████▊| 977/1000 [02:15<00:03,  6.85it/s]
loading complexes:  98%|█████████▊| 978/1000 [02:15<00:03,  6.98it/s]
loading complexes:  98%|█████████▊| 979/1000 [02:15<00:03,  6.96it/s]
loading complexes:  98%|█████████▊| 980/1000 [02:15<00:02,  6.92it/s]
loading complexes:  98%|█████████▊| 981/1000 [02:16<00:02,  7.08it/s]
loading complexes:  98%|█████████▊| 982/1000 [02:16<00:02,  6.83it/s]
loading complexes:  98%|█████████▊| 983/1000 [02:16<00:02,  6.02it/s]
loading complexes:  98%|█████████▊| 984/1000 [02:16<00:02,  6.51it/s]
loading complexes:  99%|█████████▊| 986/1000 [02:16<00:01,  7.11it/s]
loading complexes:  99%|█████████▉| 988/1000 [02:17<00:01,  8.12it/s]
loading complexes:  99%|█████████▉| 989/1000 [02:17<00:01,  7.73it/s]
loading complexes:  99%|█████████▉| 990/1000 [02:17<00:01,  7.74it/s]
loading complexes:  99%|█████████▉| 991/1000 [02:17<00:01,  7.38it/s]
loading complexes:  99%|█████████▉| 992/1000 [02:17<00:01,  7.28it/s]
loading complexes:  99%|█████████▉| 993/1000 [02:17<00:00,  7.19it/s]
loading complexes:  99%|█████████▉| 994/1000 [02:17<00:00,  7.74it/s]
loading complexes: 100%|█████████▉| 995/1000 [02:17<00:00,  7.99it/s]
loading complexes: 100%|█████████▉| 996/1000 [02:18<00:00,  8.04it/s]
loading complexes: 100%|█████████▉| 997/1000 [02:18<00:00,  8.27it/s]
loading complexes: 100%|█████████▉| 998/1000 [02:18<00:00,  7.78it/s]
loading complexes: 100%|█████████▉| 999/1000 [02:18<00:00,  7.73it/s]
loading complexes: 100%|██████████| 1000/1000 [02:18<00:00,  7.39it/s]
loading complexes: 100%|██████████| 1000/1000 [02:18<00:00,  7.21it/s]
Traceback (most recent call last):
  File "/mnt/tank/scratch/okonovalova/freedpp/freedpp/FREEDPP-dynamicbind/ffreed/env/screening_airi.py", line 213, in <module>
    outputs = sampling(data_list=batch,
  File "/mnt/tank/scratch/okonovalova/freedpp/freedpp/FREEDPP-dynamicbind/ffreed/env/datasets/utils/sampling.py", line 129, in sampling
    lddt_pred, affinity_pred, tr_score, rot_score, tor_score, res_tr_score, res_rot_score, res_chi_score = model(complex_graph_batch)
  File "/nfs/home/okonovalova/anaconda3/envs/dynamicbind/lib/python3.10/site-packages/torch/nn/modules/module.py", line 1501, in _call_impl
    return forward_call(*args, **kwargs)
  File "/mnt/tank/scratch/okonovalova/freedpp/freedpp/FREEDPP-dynamicbind/ffreed/env/models/score_model.py", line 310, in forward
    lig_inter_update = self.rec_to_lig_conv_layers[l](rec_node_attr, cross_edge_index, rec_to_lig_edge_attr_, cross_edge_sh,
  File "/nfs/home/okonovalova/anaconda3/envs/dynamicbind/lib/python3.10/site-packages/torch/nn/modules/module.py", line 1501, in _call_impl
    return forward_call(*args, **kwargs)
  File "/mnt/tank/scratch/okonovalova/freedpp/freedpp/FREEDPP-dynamicbind/ffreed/env/models/score_model.py", line 82, in forward
    tp = self.tp(node_attr[edge_dst], edge_sh, self.fc(edge_attr))
  File "/nfs/home/okonovalova/anaconda3/envs/dynamicbind/lib/python3.10/site-packages/torch/nn/modules/module.py", line 1501, in _call_impl
    return forward_call(*args, **kwargs)
  File "/nfs/home/okonovalova/anaconda3/envs/dynamicbind/lib/python3.10/site-packages/torch/nn/modules/container.py", line 217, in forward
    input = module(input)
  File "/nfs/home/okonovalova/anaconda3/envs/dynamicbind/lib/python3.10/site-packages/torch/nn/modules/module.py", line 1501, in _call_impl
    return forward_call(*args, **kwargs)
  File "/nfs/home/okonovalova/anaconda3/envs/dynamicbind/lib/python3.10/site-packages/torch/nn/modules/linear.py", line 114, in forward
    return F.linear(input, self.weight, self.bias)
torch.cuda.OutOfMemoryError: CUDA out of memory. Tried to allocate 26.50 GiB (GPU 0; 47.53 GiB total capacity; 2.48 GiB already allocated; 26.48 GiB free; 11.90 GiB reserved in total by PyTorch) If reserved memory is >> allocated memory try setting max_split_size_mb to avoid fragmentation.  See documentation for Memory Management and PYTORCH_CUDA_ALLOC_CONF

